[ 2017-09-30T20:56:36+08:00 ] ::1 /index.php/App/Index/towns
INFO: [ app_init ] --START--
INFO: Run Behavior\BuildLiteBehavior [ RunTime:0.000009s ]
INFO: [ app_init ] --END-- [ RunTime:0.000356s ]
INFO: [ app_begin ] --START--
INFO: Run Behavior\ReadHtmlCacheBehavior [ RunTime:0.000409s ]
INFO: [ app_begin ] --END-- [ RunTime:0.000439s ]
SQL: SHOW COLUMNS FROM `qfant_town` [ RunTime:0.0044s ]
SQL: SELECT * FROM `qfant_town`  [ RunTime:0.0003s ]
NOTIC: [2] Missing argument 3 for Caesar::clientEncode(), called in F:\dangjian\Application\App\Controller\IndexController.class.php on line 28 and defined F:\dangjian\ThinkPHP\Library\Vendor\Caesar\Caesar.php 第 61 行.
NOTIC: [8192] Non-static method Bytes::bytesToHex() should not be called statically, assuming $this from incompatible context F:\dangjian\ThinkPHP\Library\Vendor\Caesar\Caesar.php 第 43 行.
INFO: [ app_end ] --START--
INFO: Run Behavior\ShowPageTraceBehavior [ RunTime:0.000555s ]
INFO: [ app_end ] --END-- [ RunTime:0.000605s ]

[ 2017-09-30T21:42:04+08:00 ] 36.4.179.39 /index.php/App/Index/towns
INFO: [ app_init ] --START--
INFO: Run Behavior\BuildLiteBehavior [ RunTime:0.000000s ]
INFO: [ app_init ] --END-- [ RunTime:0.000000s ]
INFO: [ app_begin ] --START--
INFO: Run Behavior\ReadHtmlCacheBehavior [ RunTime:0.000000s ]
INFO: [ app_begin ] --END-- [ RunTime:0.000000s ]
INFO: [ app_end ] --START--
INFO: Run Behavior\ShowPageTraceBehavior [ RunTime:0.000000s ]
INFO: [ app_end ] --END-- [ RunTime:0.000000s ]

[ 2017-09-30T21:48:20+08:00 ] 36.4.179.39 /index.php/App/Index/towns
INFO: [ app_init ] --START--
INFO: Run Behavior\BuildLiteBehavior [ RunTime:0.000000s ]
INFO: [ app_init ] --END-- [ RunTime:0.000000s ]
INFO: [ app_begin ] --START--
INFO: Run Behavior\ReadHtmlCacheBehavior [ RunTime:0.000000s ]
INFO: [ app_begin ] --END-- [ RunTime:0.000000s ]
INFO: [ app_end ] --START--
INFO: Run Behavior\ShowPageTraceBehavior [ RunTime:0.000000s ]
INFO: [ app_end ] --END-- [ RunTime:0.000000s ]

[ 2017-09-30T22:05:24+08:00 ] 36.4.179.39 /index.php/App/Index/towns
INFO: [ app_init ] --START--
INFO: Run Behavior\BuildLiteBehavior [ RunTime:0.000000s ]
INFO: [ app_init ] --END-- [ RunTime:0.000000s ]
INFO: [ app_begin ] --START--
INFO: Run Behavior\ReadHtmlCacheBehavior [ RunTime:0.000000s ]
INFO: [ app_begin ] --END-- [ RunTime:0.000000s ]
INFO: [ app_end ] --START--
INFO: Run Behavior\ShowPageTraceBehavior [ RunTime:0.000000s ]
INFO: [ app_end ] --END-- [ RunTime:0.000000s ]

[ 2017-09-30T22:05:26+08:00 ] 36.4.179.39 /index.php/App/Index/towns
INFO: [ app_init ] --START--
INFO: Run Behavior\BuildLiteBehavior [ RunTime:0.000000s ]
INFO: [ app_init ] --END-- [ RunTime:0.000000s ]
INFO: [ app_begin ] --START--
INFO: Run Behavior\ReadHtmlCacheBehavior [ RunTime:0.000000s ]
INFO: [ app_begin ] --END-- [ RunTime:0.000000s ]
INFO: [ app_end ] --START--
INFO: Run Behavior\ShowPageTraceBehavior [ RunTime:0.000000s ]
INFO: [ app_end ] --END-- [ RunTime:0.000000s ]

[ 2017-09-30T22:06:09+08:00 ] 183.3.239.158 /index.php/App/Index/towns
INFO: [ app_init ] --START--
INFO: Run Behavior\BuildLiteBehavior [ RunTime:0.000000s ]
INFO: [ app_init ] --END-- [ RunTime:0.000000s ]
INFO: [ app_begin ] --START--
INFO: Run Behavior\ReadHtmlCacheBehavior [ RunTime:0.000000s ]
INFO: [ app_begin ] --END-- [ RunTime:0.000000s ]
INFO: [ app_end ] --START--
INFO: Run Behavior\ShowPageTraceBehavior [ RunTime:0.000000s ]
INFO: [ app_end ] --END-- [ RunTime:0.000000s ]

[ 2017-09-30T22:06:15+08:00 ] 183.3.239.158 /index.php/App/Index/towns
INFO: [ app_init ] --START--
INFO: Run Behavior\BuildLiteBehavior [ RunTime:0.000000s ]
INFO: [ app_init ] --END-- [ RunTime:0.000000s ]
INFO: [ app_begin ] --START--
INFO: Run Behavior\ReadHtmlCacheBehavior [ RunTime:0.000000s ]
INFO: [ app_begin ] --END-- [ RunTime:0.000000s ]
INFO: [ app_end ] --START--
INFO: Run Behavior\ShowPageTraceBehavior [ RunTime:0.000000s ]
INFO: [ app_end ] --END-- [ RunTime:0.000000s ]

[ 2017-09-30T22:06:19+08:00 ] 101.226.33.221 /index.php/App/Index/towns
INFO: [ app_init ] --START--
INFO: Run Behavior\BuildLiteBehavior [ RunTime:0.000000s ]
INFO: [ app_init ] --END-- [ RunTime:0.000000s ]
INFO: [ app_begin ] --START--
INFO: Run Behavior\ReadHtmlCacheBehavior [ RunTime:0.000000s ]
INFO: [ app_begin ] --END-- [ RunTime:0.000000s ]
INFO: [ app_end ] --START--
INFO: Run Behavior\ShowPageTraceBehavior [ RunTime:0.000000s ]
INFO: [ app_end ] --END-- [ RunTime:0.000000s ]

[ 2017-09-30T22:06:21+08:00 ] 183.3.239.158 /index.php/App/Index/towns
INFO: [ app_init ] --START--
INFO: Run Behavior\BuildLiteBehavior [ RunTime:0.000000s ]
INFO: [ app_init ] --END-- [ RunTime:0.000000s ]
INFO: [ app_begin ] --START--
INFO: Run Behavior\ReadHtmlCacheBehavior [ RunTime:0.000000s ]
INFO: [ app_begin ] --END-- [ RunTime:0.000000s ]
INFO: [ app_end ] --START--
INFO: Run Behavior\ShowPageTraceBehavior [ RunTime:0.000000s ]
INFO: [ app_end ] --END-- [ RunTime:0.000000s ]

[ 2017-09-30T22:11:14+08:00 ] 111.199.184.168 /index.php/App/Index/towns
INFO: [ app_init ] --START--
INFO: Run Behavior\BuildLiteBehavior [ RunTime:0.000000s ]
INFO: [ app_init ] --END-- [ RunTime:0.000000s ]
INFO: [ app_begin ] --START--
INFO: Run Behavior\ReadHtmlCacheBehavior [ RunTime:0.000000s ]
INFO: [ app_begin ] --END-- [ RunTime:0.000000s ]
INFO: [ app_end ] --START--
INFO: Run Behavior\ShowPageTraceBehavior [ RunTime:0.000000s ]
INFO: [ app_end ] --END-- [ RunTime:0.000000s ]

[ 2017-09-30T22:11:21+08:00 ] 111.199.184.168 /index.php/App/Index/towns
INFO: [ app_init ] --START--
INFO: Run Behavior\BuildLiteBehavior [ RunTime:0.000000s ]
INFO: [ app_init ] --END-- [ RunTime:0.000000s ]
INFO: [ app_begin ] --START--
INFO: Run Behavior\ReadHtmlCacheBehavior [ RunTime:0.000000s ]
INFO: [ app_begin ] --END-- [ RunTime:0.000000s ]
INFO: [ app_end ] --START--
INFO: Run Behavior\ShowPageTraceBehavior [ RunTime:0.000000s ]
INFO: [ app_end ] --END-- [ RunTime:0.000000s ]

[ 2017-09-30T22:12:03+08:00 ] 111.199.184.168 /index.php/App/Index/towns
INFO: [ app_init ] --START--
INFO: Run Behavior\BuildLiteBehavior [ RunTime:0.000000s ]
INFO: [ app_init ] --END-- [ RunTime:0.000000s ]
INFO: [ app_begin ] --START--
INFO: Run Behavior\ReadHtmlCacheBehavior [ RunTime:0.000000s ]
INFO: [ app_begin ] --END-- [ RunTime:0.000000s ]
INFO: [ app_end ] --START--
INFO: Run Behavior\ShowPageTraceBehavior [ RunTime:0.000000s ]
INFO: [ app_end ] --END-- [ RunTime:0.000000s ]

[ 2017-09-30T22:12:52+08:00 ] 111.199.184.168 /index.php/App/Index/towns
INFO: [ app_init ] --START--
INFO: Run Behavior\BuildLiteBehavior [ RunTime:0.000000s ]
INFO: [ app_init ] --END-- [ RunTime:0.000000s ]
INFO: [ app_begin ] --START--
INFO: Run Behavior\ReadHtmlCacheBehavior [ RunTime:0.000000s ]
INFO: [ app_begin ] --END-- [ RunTime:0.000000s ]
INFO: [ app_end ] --START--
INFO: Run Behavior\ShowPageTraceBehavior [ RunTime:0.000000s ]
INFO: [ app_end ] --END-- [ RunTime:0.000000s ]

[ 2017-09-30T22:13:01+08:00 ] 111.199.184.168 /index.php/App/Index/towns
INFO: [ app_init ] --START--
INFO: Run Behavior\BuildLiteBehavior [ RunTime:0.000000s ]
INFO: [ app_init ] --END-- [ RunTime:0.000000s ]
INFO: [ app_begin ] --START--
INFO: Run Behavior\ReadHtmlCacheBehavior [ RunTime:0.000000s ]
INFO: [ app_begin ] --END-- [ RunTime:0.000000s ]
NOTIC: [2] session_start(): Cannot send session cache limiter - headers already sent E:\www\dangjian\ThinkPHP\Common\functions.php 第 1421 行.
SQL: SHOW COLUMNS FROM `qfant_town` [ RunTime:0.0000s ]
SQL: SELECT * FROM `qfant_town`  [ RunTime:0.0000s ]
NOTIC: [2] Missing argument 3 for Caesar::clientEncode(), called in E:\www\dangjian\Application\App\Controller\IndexController.class.php on line 29 and defined E:\www\dangjian\ThinkPHP\Library\Vendor\Caesar\Caesar.php 第 61 行.
NOTIC: [8192] Non-static method Bytes::bytesToHex() should not be called statically, assuming $this from incompatible context E:\www\dangjian\ThinkPHP\Library\Vendor\Caesar\Caesar.php 第 43 行.
INFO: [ app_end ] --START--
INFO: Run Behavior\ShowPageTraceBehavior [ RunTime:0.000000s ]
INFO: [ app_end ] --END-- [ RunTime:0.000000s ]

[ 2017-09-30T22:30:10+08:00 ] 111.199.184.168 /index.php/App/Index/towns
INFO: [ app_init ] --START--
INFO: Run Behavior\BuildLiteBehavior [ RunTime:0.000000s ]
INFO: [ app_init ] --END-- [ RunTime:0.000000s ]
INFO: [ app_begin ] --START--
INFO: Run Behavior\ReadHtmlCacheBehavior [ RunTime:0.000000s ]
INFO: [ app_begin ] --END-- [ RunTime:0.000000s ]
SQL: SHOW COLUMNS FROM `qfant_town` [ RunTime:0.0000s ]
SQL: SELECT * FROM `qfant_town`  [ RunTime:0.0000s ]
NOTIC: [2] Missing argument 3 for Caesar::clientEncode(), called in E:\www\dangjian\Application\App\Controller\IndexController.class.php on line 29 and defined E:\www\dangjian\ThinkPHP\Library\Vendor\Caesar\Caesar.php 第 61 行.
NOTIC: [8192] Non-static method Bytes::bytesToHex() should not be called statically, assuming $this from incompatible context E:\www\dangjian\ThinkPHP\Library\Vendor\Caesar\Caesar.php 第 43 行.
INFO: [ app_end ] --START--
INFO: Run Behavior\ShowPageTraceBehavior [ RunTime:0.000000s ]
INFO: [ app_end ] --END-- [ RunTime:0.000000s ]

[ 2017-09-30T22:31:58+08:00 ] 36.4.179.39 /index.php/App/Index/towns
INFO: [ app_init ] --START--
INFO: Run Behavior\BuildLiteBehavior [ RunTime:0.000000s ]
INFO: [ app_init ] --END-- [ RunTime:0.000000s ]
INFO: [ app_begin ] --START--
INFO: Run Behavior\ReadHtmlCacheBehavior [ RunTime:0.000000s ]
INFO: [ app_begin ] --END-- [ RunTime:0.000000s ]
SQL: SHOW COLUMNS FROM `qfant_town` [ RunTime:0.0000s ]
SQL: SELECT * FROM `qfant_town`  [ RunTime:0.0000s ]
NOTIC: [2] Missing argument 3 for Caesar::clientEncode(), called in E:\www\dangjian\Application\App\Controller\IndexController.class.php on line 29 and defined E:\www\dangjian\ThinkPHP\Library\Vendor\Caesar\Caesar.php 第 61 行.
NOTIC: [8192] Non-static method Bytes::bytesToHex() should not be called statically, assuming $this from incompatible context E:\www\dangjian\ThinkPHP\Library\Vendor\Caesar\Caesar.php 第 43 行.
INFO: [ app_end ] --START--
INFO: Run Behavior\ShowPageTraceBehavior [ RunTime:0.000000s ]
INFO: [ app_end ] --END-- [ RunTime:0.000000s ]

[ 2017-09-30T22:45:37+08:00 ] 36.4.178.34 /index.php/App/Index/towns
INFO: [ app_init ] --START--
INFO: Run Behavior\BuildLiteBehavior [ RunTime:0.000000s ]
INFO: [ app_init ] --END-- [ RunTime:0.000000s ]
INFO: [ app_begin ] --START--
INFO: Run Behavior\ReadHtmlCacheBehavior [ RunTime:0.000000s ]
INFO: [ app_begin ] --END-- [ RunTime:0.000000s ]
SQL: SHOW COLUMNS FROM `qfant_town` [ RunTime:0.0156s ]
SQL: SELECT * FROM `qfant_town`  [ RunTime:0.0000s ]
NOTIC: [2] Missing argument 3 for Caesar::clientEncode(), called in E:\www\dangjian\Application\App\Controller\IndexController.class.php on line 32 and defined E:\www\dangjian\ThinkPHP\Library\Vendor\Caesar\Caesar.php 第 61 行.
NOTIC: [8192] Non-static method Bytes::bytesToHex() should not be called statically, assuming $this from incompatible context E:\www\dangjian\ThinkPHP\Library\Vendor\Caesar\Caesar.php 第 43 行.
INFO: [ app_end ] --START--
INFO: Run Behavior\ShowPageTraceBehavior [ RunTime:0.000000s ]
INFO: [ app_end ] --END-- [ RunTime:0.000000s ]

[ 2017-09-30T22:49:38+08:00 ] 111.199.184.168 /index.php/App/Index/towns
INFO: [ app_init ] --START--
INFO: Run Behavior\BuildLiteBehavior [ RunTime:0.000000s ]
INFO: [ app_init ] --END-- [ RunTime:0.000000s ]
INFO: [ app_begin ] --START--
INFO: Run Behavior\ReadHtmlCacheBehavior [ RunTime:0.000000s ]
INFO: [ app_begin ] --END-- [ RunTime:0.000000s ]
SQL: SHOW COLUMNS FROM `qfant_town` [ RunTime:0.0000s ]
SQL: SELECT * FROM `qfant_town`  [ RunTime:0.0000s ]
NOTIC: [2] Missing argument 3 for Caesar::clientEncode(), called in E:\www\dangjian\Application\App\Controller\IndexController.class.php on line 32 and defined E:\www\dangjian\ThinkPHP\Library\Vendor\Caesar\Caesar.php 第 61 行.
NOTIC: [8192] Non-static method Bytes::bytesToHex() should not be called statically, assuming $this from incompatible context E:\www\dangjian\ThinkPHP\Library\Vendor\Caesar\Caesar.php 第 43 行.
INFO: [ app_end ] --START--
INFO: Run Behavior\ShowPageTraceBehavior [ RunTime:0.000000s ]
INFO: [ app_end ] --END-- [ RunTime:0.000000s ]

[ 2017-09-30T22:50:44+08:00 ] 183.3.239.157 /index.php/App/Index/villages
INFO: [ app_init ] --START--
INFO: Run Behavior\BuildLiteBehavior [ RunTime:0.000000s ]
INFO: [ app_init ] --END-- [ RunTime:0.015625s ]
INFO: [ app_begin ] --START--
INFO: Run Behavior\ReadHtmlCacheBehavior [ RunTime:0.000000s ]
INFO: [ app_begin ] --END-- [ RunTime:0.000000s ]
INFO: [ app_end ] --START--
INFO: Run Behavior\ShowPageTraceBehavior [ RunTime:0.000000s ]
INFO: [ app_end ] --END-- [ RunTime:0.000000s ]

[ 2017-09-30T22:50:50+08:00 ] 183.3.239.157 /index.php/App/Index/villages
INFO: [ app_init ] --START--
INFO: Run Behavior\BuildLiteBehavior [ RunTime:0.000000s ]
INFO: [ app_init ] --END-- [ RunTime:0.000000s ]
INFO: [ app_begin ] --START--
INFO: Run Behavior\ReadHtmlCacheBehavior [ RunTime:0.000000s ]
INFO: [ app_begin ] --END-- [ RunTime:0.000000s ]
INFO: [ app_end ] --START--
INFO: Run Behavior\ShowPageTraceBehavior [ RunTime:0.000000s ]
INFO: [ app_end ] --END-- [ RunTime:0.000000s ]

[ 2017-09-30T22:50:54+08:00 ] 101.226.125.105 /index.php/App/Index/villages
INFO: [ app_init ] --START--
INFO: Run Behavior\BuildLiteBehavior [ RunTime:0.000000s ]
INFO: [ app_init ] --END-- [ RunTime:0.000000s ]
INFO: [ app_begin ] --START--
INFO: Run Behavior\ReadHtmlCacheBehavior [ RunTime:0.000000s ]
INFO: [ app_begin ] --END-- [ RunTime:0.000000s ]
INFO: [ app_end ] --START--
INFO: Run Behavior\ShowPageTraceBehavior [ RunTime:0.000000s ]
INFO: [ app_end ] --END-- [ RunTime:0.000000s ]

[ 2017-09-30T22:50:55+08:00 ] 183.3.239.157 /index.php/App/Index/villages
INFO: [ app_init ] --START--
INFO: Run Behavior\BuildLiteBehavior [ RunTime:0.000000s ]
INFO: [ app_init ] --END-- [ RunTime:0.000000s ]
INFO: [ app_begin ] --START--
INFO: Run Behavior\ReadHtmlCacheBehavior [ RunTime:0.000000s ]
INFO: [ app_begin ] --END-- [ RunTime:0.000000s ]
INFO: [ app_end ] --START--
INFO: Run Behavior\ShowPageTraceBehavior [ RunTime:0.000000s ]
INFO: [ app_end ] --END-- [ RunTime:0.000000s ]

[ 2017-09-30T23:16:18+08:00 ] 111.199.184.168 /index.php/App/Index/towns
INFO: [ app_init ] --START--
INFO: Run Behavior\BuildLiteBehavior [ RunTime:0.000000s ]
INFO: [ app_init ] --END-- [ RunTime:0.000000s ]
INFO: [ app_begin ] --START--
INFO: Run Behavior\ReadHtmlCacheBehavior [ RunTime:0.000000s ]
INFO: [ app_begin ] --END-- [ RunTime:0.000000s ]
SQL: SHOW COLUMNS FROM `qfant_town` [ RunTime:0.0000s ]
SQL: SELECT * FROM `qfant_town`  [ RunTime:0.0000s ]
NOTIC: [2] Missing argument 3 for Caesar::clientEncode(), called in E:\www\dangjian\Application\App\Controller\IndexController.class.php on line 32 and defined E:\www\dangjian\ThinkPHP\Library\Vendor\Caesar\Caesar.php 第 61 行.
NOTIC: [8192] Non-static method Bytes::bytesToHex() should not be called statically, assuming $this from incompatible context E:\www\dangjian\ThinkPHP\Library\Vendor\Caesar\Caesar.php 第 43 行.
INFO: [ app_end ] --START--
INFO: Run Behavior\ShowPageTraceBehavior [ RunTime:0.000000s ]
INFO: [ app_end ] --END-- [ RunTime:0.000000s ]

[ 2017-09-30T23:27:58+08:00 ] 36.4.178.34 /index.php/App/Index/weather
INFO: [ app_init ] --START--
INFO: Run Behavior\BuildLiteBehavior [ RunTime:0.000000s ]
INFO: [ app_init ] --END-- [ RunTime:0.000000s ]
INFO: [ app_begin ] --START--
INFO: Run Behavior\ReadHtmlCacheBehavior [ RunTime:0.000000s ]
INFO: [ app_begin ] --END-- [ RunTime:0.000000s ]
NOTIC: [2] Missing argument 3 for Caesar::clientDecode(), called in E:\www\dangjian\Application\App\Controller\IndexController.class.php on line 51 and defined E:\www\dangjian\ThinkPHP\Library\Vendor\Caesar\Caesar.php 第 81 行.
NOTIC: [2] Missing argument 2 for App\Controller\IndexController::http(), called in E:\www\dangjian\Application\App\Controller\IndexController.class.php on line 53 and defined E:\www\dangjian\Application\App\Controller\IndexController.class.php 第 70 行.
NOTIC: [8] Undefined variable: params E:\www\dangjian\Application\App\Controller\IndexController.class.php 第 81 行.
NOTIC: [2] http_build_query(): Parameter 1 expected to be Array or Object.  Incorrect value given E:\www\dangjian\Application\App\Controller\IndexController.class.php 第 81 行.

[ 2017-09-30T23:29:06+08:00 ] 36.4.178.34 /index.php/App/Index/weather
INFO: [ app_init ] --START--
INFO: Run Behavior\BuildLiteBehavior [ RunTime:0.000000s ]
INFO: [ app_init ] --END-- [ RunTime:0.000000s ]
INFO: [ app_begin ] --START--
INFO: Run Behavior\ReadHtmlCacheBehavior [ RunTime:0.000000s ]
INFO: [ app_begin ] --END-- [ RunTime:0.000000s ]
NOTIC: [2] Missing argument 3 for Caesar::clientDecode(), called in E:\www\dangjian\Application\App\Controller\IndexController.class.php on line 51 and defined E:\www\dangjian\ThinkPHP\Library\Vendor\Caesar\Caesar.php 第 81 行.
NOTIC: [2] Missing argument 2 for App\Controller\IndexController::http(), called in E:\www\dangjian\Application\App\Controller\IndexController.class.php on line 53 and defined E:\www\dangjian\Application\App\Controller\IndexController.class.php 第 70 行.
NOTIC: [8] Undefined variable: params E:\www\dangjian\Application\App\Controller\IndexController.class.php 第 81 行.
NOTIC: [2] http_build_query(): Parameter 1 expected to be Array or Object.  Incorrect value given E:\www\dangjian\Application\App\Controller\IndexController.class.php 第 81 行.

[ 2017-09-30T23:29:25+08:00 ] 36.4.178.34 /index.php/App/Index/weather
INFO: [ app_init ] --START--
INFO: Run Behavior\BuildLiteBehavior [ RunTime:0.000000s ]
INFO: [ app_init ] --END-- [ RunTime:0.000000s ]
INFO: [ app_begin ] --START--
INFO: Run Behavior\ReadHtmlCacheBehavior [ RunTime:0.000000s ]
INFO: [ app_begin ] --END-- [ RunTime:0.000000s ]
NOTIC: [2] Missing argument 3 for Caesar::clientDecode(), called in E:\www\dangjian\Application\App\Controller\IndexController.class.php on line 51 and defined E:\www\dangjian\ThinkPHP\Library\Vendor\Caesar\Caesar.php 第 81 行.
NOTIC: [2] Missing argument 2 for App\Controller\IndexController::http(), called in E:\www\dangjian\Application\App\Controller\IndexController.class.php on line 53 and defined E:\www\dangjian\Application\App\Controller\IndexController.class.php 第 70 行.
NOTIC: [8] Undefined variable: params E:\www\dangjian\Application\App\Controller\IndexController.class.php 第 81 行.
NOTIC: [2] http_build_query(): Parameter 1 expected to be Array or Object.  Incorrect value given E:\www\dangjian\Application\App\Controller\IndexController.class.php 第 81 行.

[ 2017-09-30T23:30:05+08:00 ] 113.108.10.18 /index.php/App/Index/weather
INFO: [ app_init ] --START--
INFO: Run Behavior\BuildLiteBehavior [ RunTime:0.000000s ]
INFO: [ app_init ] --END-- [ RunTime:0.000000s ]
INFO: [ app_begin ] --START--
INFO: Run Behavior\ReadHtmlCacheBehavior [ RunTime:0.000000s ]
INFO: [ app_begin ] --END-- [ RunTime:0.000000s ]
INFO: [ app_end ] --START--
INFO: Run Behavior\ShowPageTraceBehavior [ RunTime:0.015625s ]
INFO: [ app_end ] --END-- [ RunTime:0.015625s ]

[ 2017-09-30T23:30:05+08:00 ] 183.57.53.197 /index.php/App/Index/weather
INFO: [ app_init ] --START--
INFO: Run Behavior\BuildLiteBehavior [ RunTime:0.000000s ]
INFO: [ app_init ] --END-- [ RunTime:0.000000s ]
INFO: [ app_begin ] --START--
INFO: Run Behavior\ReadHtmlCacheBehavior [ RunTime:0.000000s ]
INFO: [ app_begin ] --END-- [ RunTime:0.000000s ]
INFO: [ app_end ] --START--
INFO: Run Behavior\ShowPageTraceBehavior [ RunTime:0.000000s ]
INFO: [ app_end ] --END-- [ RunTime:0.000000s ]

[ 2017-09-30T23:30:10+08:00 ] 113.108.10.18 /index.php/App/Index/weather
INFO: [ app_init ] --START--
INFO: Run Behavior\BuildLiteBehavior [ RunTime:0.000000s ]
INFO: [ app_init ] --END-- [ RunTime:0.000000s ]
INFO: [ app_begin ] --START--
INFO: Run Behavior\ReadHtmlCacheBehavior [ RunTime:0.000000s ]
INFO: [ app_begin ] --END-- [ RunTime:0.000000s ]
INFO: [ app_end ] --START--
INFO: Run Behavior\ShowPageTraceBehavior [ RunTime:0.000000s ]
INFO: [ app_end ] --END-- [ RunTime:0.000000s ]

[ 2017-09-30T23:30:14+08:00 ] 61.151.218.118 /index.php/App/Index/weather
INFO: [ app_init ] --START--
INFO: Run Behavior\BuildLiteBehavior [ RunTime:0.000000s ]
INFO: [ app_init ] --END-- [ RunTime:0.000000s ]
INFO: [ app_begin ] --START--
INFO: Run Behavior\ReadHtmlCacheBehavior [ RunTime:0.000000s ]
INFO: [ app_begin ] --END-- [ RunTime:0.000000s ]
INFO: [ app_end ] --START--
INFO: Run Behavior\ShowPageTraceBehavior [ RunTime:0.000000s ]
INFO: [ app_end ] --END-- [ RunTime:0.000000s ]

[ 2017-09-30T23:30:16+08:00 ] 101.226.33.237 /index.php/App/Index/weather
INFO: [ app_init ] --START--
INFO: Run Behavior\BuildLiteBehavior [ RunTime:0.000000s ]
INFO: [ app_init ] --END-- [ RunTime:0.000000s ]
INFO: [ app_begin ] --START--
INFO: Run Behavior\ReadHtmlCacheBehavior [ RunTime:0.000000s ]
INFO: [ app_begin ] --END-- [ RunTime:0.000000s ]
INFO: [ app_end ] --START--
INFO: Run Behavior\ShowPageTraceBehavior [ RunTime:0.000000s ]
INFO: [ app_end ] --END-- [ RunTime:0.000000s ]

[ 2017-09-30T23:30:16+08:00 ] 113.108.10.18 /index.php/App/Index/weather
INFO: [ app_init ] --START--
INFO: Run Behavior\BuildLiteBehavior [ RunTime:0.000000s ]
INFO: [ app_init ] --END-- [ RunTime:0.000000s ]
INFO: [ app_begin ] --START--
INFO: Run Behavior\ReadHtmlCacheBehavior [ RunTime:0.000000s ]
INFO: [ app_begin ] --END-- [ RunTime:0.000000s ]
INFO: [ app_end ] --START--
INFO: Run Behavior\ShowPageTraceBehavior [ RunTime:0.000000s ]
INFO: [ app_end ] --END-- [ RunTime:0.000000s ]

[ 2017-09-30T23:55:15+08:00 ] 113.108.10.5 /index.php/App/Index/info/id
INFO: [ app_init ] --START--
INFO: Run Behavior\BuildLiteBehavior [ RunTime:0.000000s ]
INFO: [ app_init ] --END-- [ RunTime:0.000000s ]
INFO: [ app_begin ] --START--
INFO: Run Behavior\ReadHtmlCacheBehavior [ RunTime:0.000000s ]
INFO: [ app_begin ] --END-- [ RunTime:0.000000s ]
ERR: 非法操作:info

[ 2017-09-30T23:55:24+08:00 ] 101.226.68.161 /index.php/App/Index/info/id
INFO: [ app_init ] --START--
INFO: Run Behavior\BuildLiteBehavior [ RunTime:0.000000s ]
INFO: [ app_init ] --END-- [ RunTime:0.000000s ]
INFO: [ app_begin ] --START--
INFO: Run Behavior\ReadHtmlCacheBehavior [ RunTime:0.000000s ]
INFO: [ app_begin ] --END-- [ RunTime:0.000000s ]
ERR: 非法操作:info

[ 2017-09-30T23:55:27+08:00 ] 111.199.184.168 /index.php/App/Index/info/id/
INFO: [ app_init ] --START--
INFO: Run Behavior\BuildLiteBehavior [ RunTime:0.000000s ]
INFO: [ app_init ] --END-- [ RunTime:0.000000s ]
INFO: [ app_begin ] --START--
INFO: Run Behavior\ReadHtmlCacheBehavior [ RunTime:0.000000s ]
INFO: [ app_begin ] --END-- [ RunTime:0.000000s ]
ERR: 非法操作:info

[ 2017-09-30T23:57:03+08:00 ] 111.199.184.168 /index.php/App/Index/towns
INFO: [ app_init ] --START--
INFO: Run Behavior\BuildLiteBehavior [ RunTime:0.000000s ]
INFO: [ app_init ] --END-- [ RunTime:0.000000s ]
INFO: [ app_begin ] --START--
INFO: Run Behavior\ReadHtmlCacheBehavior [ RunTime:0.000000s ]
INFO: [ app_begin ] --END-- [ RunTime:0.000000s ]
SQL: SHOW COLUMNS FROM `qfant_town` [ RunTime:0.0000s ]
SQL: SELECT * FROM `qfant_town`  [ RunTime:0.0000s ]
NOTIC: [2] Missing argument 3 for Caesar::clientEncode(), called in E:\www\dangjian\Application\App\Controller\IndexController.class.php on line 31 and defined E:\www\dangjian\ThinkPHP\Library\Vendor\Caesar\Caesar.php 第 61 行.
NOTIC: [8192] Non-static method Bytes::bytesToHex() should not be called statically, assuming $this from incompatible context E:\www\dangjian\ThinkPHP\Library\Vendor\Caesar\Caesar.php 第 43 行.
INFO: [ app_end ] --START--
INFO: Run Behavior\ShowPageTraceBehavior [ RunTime:0.000000s ]
INFO: [ app_end ] --END-- [ RunTime:0.000000s ]

[ 2017-09-30T23:57:44+08:00 ] 111.199.184.168 /index.php/App/Index/towns
INFO: [ app_init ] --START--
INFO: Run Behavior\BuildLiteBehavior [ RunTime:0.000000s ]
INFO: [ app_init ] --END-- [ RunTime:0.000000s ]
INFO: [ app_begin ] --START--
INFO: Run Behavior\ReadHtmlCacheBehavior [ RunTime:0.000000s ]
INFO: [ app_begin ] --END-- [ RunTime:0.000000s ]
SQL: SHOW COLUMNS FROM `qfant_town` [ RunTime:0.0000s ]
SQL: SELECT * FROM `qfant_town`  [ RunTime:0.0000s ]
NOTIC: [2] Missing argument 3 for Caesar::clientEncode(), called in E:\www\dangjian\Application\App\Controller\IndexController.class.php on line 31 and defined E:\www\dangjian\ThinkPHP\Library\Vendor\Caesar\Caesar.php 第 61 行.
NOTIC: [8192] Non-static method Bytes::bytesToHex() should not be called statically, assuming $this from incompatible context E:\www\dangjian\ThinkPHP\Library\Vendor\Caesar\Caesar.php 第 43 行.
INFO: [ app_end ] --START--
INFO: Run Behavior\ShowPageTraceBehavior [ RunTime:0.000000s ]
INFO: [ app_end ] --END-- [ RunTime:0.000000s ]

