[ 2017-10-02T01:06:58+08:00 ] 111.199.189.128 /index.php/App/Index/dangyuan
INFO: [ app_init ] --START--
INFO: Run Behavior\BuildLiteBehavior [ RunTime:0.000000s ]
INFO: [ app_init ] --END-- [ RunTime:0.000000s ]
INFO: [ app_begin ] --START--
INFO: Run Behavior\ReadHtmlCacheBehavior [ RunTime:0.000000s ]
INFO: [ app_begin ] --END-- [ RunTime:0.000000s ]
ERR: 非法操作:dangyuan

[ 2017-10-02T01:07:02+08:00 ] 111.199.189.128 /index.php/App/Index/towns
INFO: [ app_init ] --START--
INFO: Run Behavior\BuildLiteBehavior [ RunTime:0.000000s ]
INFO: [ app_init ] --END-- [ RunTime:0.000000s ]
INFO: [ app_begin ] --START--
INFO: Run Behavior\ReadHtmlCacheBehavior [ RunTime:0.000000s ]
INFO: [ app_begin ] --END-- [ RunTime:0.000000s ]
SQL: SHOW COLUMNS FROM `qfant_town` [ RunTime:0.0000s ]
SQL: SELECT * FROM `qfant_town`  [ RunTime:0.0000s ]
SQL: SHOW COLUMNS FROM `qfant_village` [ RunTime:0.0000s ]
SQL: SELECT * FROM `qfant_village` WHERE `townid` = 9  [ RunTime:0.0000s ]
SQL: SELECT * FROM `qfant_village` WHERE `townid` = 11  [ RunTime:0.0000s ]
SQL: SELECT * FROM `qfant_village` WHERE `townid` = 12  [ RunTime:0.0000s ]
SQL: SELECT * FROM `qfant_village` WHERE `townid` = 13  [ RunTime:0.0000s ]
SQL: SELECT * FROM `qfant_village` WHERE `townid` = 14  [ RunTime:0.0000s ]
SQL: SELECT * FROM `qfant_village` WHERE `townid` = 15  [ RunTime:0.0000s ]
SQL: SELECT * FROM `qfant_village` WHERE `townid` = 16  [ RunTime:0.0000s ]
SQL: SELECT * FROM `qfant_village` WHERE `townid` = 17  [ RunTime:0.0000s ]
SQL: SELECT * FROM `qfant_village` WHERE `townid` = 18  [ RunTime:0.0000s ]
SQL: SELECT * FROM `qfant_village` WHERE `townid` = 19  [ RunTime:0.0000s ]
NOTIC: [2] Missing argument 3 for Caesar::clientEncode(), called in E:\www\dangjian\Application\App\Controller\IndexController.class.php on line 36 and defined E:\www\dangjian\ThinkPHP\Library\Vendor\Caesar\Caesar.php 第 61 行.
NOTIC: [8192] Non-static method Bytes::bytesToHex() should not be called statically, assuming $this from incompatible context E:\www\dangjian\ThinkPHP\Library\Vendor\Caesar\Caesar.php 第 43 行.
INFO: [ app_end ] --START--
INFO: Run Behavior\ShowPageTraceBehavior [ RunTime:0.000000s ]
INFO: [ app_end ] --END-- [ RunTime:0.000000s ]

[ 2017-10-02T01:21:46+08:00 ] 111.199.189.128 /index.php/App/Index/camera
INFO: [ app_init ] --START--
INFO: Run Behavior\BuildLiteBehavior [ RunTime:0.000000s ]
INFO: [ app_init ] --END-- [ RunTime:0.000000s ]
INFO: [ app_begin ] --START--
INFO: Run Behavior\ReadHtmlCacheBehavior [ RunTime:0.000000s ]
INFO: [ app_begin ] --END-- [ RunTime:0.000000s ]
ERR: 非法操作:camera

[ 2017-10-02T01:33:48+08:00 ] 111.199.189.128 /index.php/App/Index/zuzhi
INFO: [ app_init ] --START--
INFO: Run Behavior\BuildLiteBehavior [ RunTime:0.000000s ]
INFO: [ app_init ] --END-- [ RunTime:0.000000s ]
INFO: [ app_begin ] --START--
INFO: Run Behavior\ReadHtmlCacheBehavior [ RunTime:0.000000s ]
INFO: [ app_begin ] --END-- [ RunTime:0.000000s ]
ERR: 非法操作:zuzhi

[ 2017-10-02T01:34:01+08:00 ] 111.199.189.128 /index.php/App/Index/towns
INFO: [ app_init ] --START--
INFO: Run Behavior\BuildLiteBehavior [ RunTime:0.000000s ]
INFO: [ app_init ] --END-- [ RunTime:0.000000s ]
INFO: [ app_begin ] --START--
INFO: Run Behavior\ReadHtmlCacheBehavior [ RunTime:0.000000s ]
INFO: [ app_begin ] --END-- [ RunTime:0.000000s ]
SQL: SHOW COLUMNS FROM `qfant_town` [ RunTime:0.0000s ]
SQL: SELECT * FROM `qfant_town`  [ RunTime:0.0000s ]
SQL: SHOW COLUMNS FROM `qfant_village` [ RunTime:0.0000s ]
SQL: SELECT * FROM `qfant_village` WHERE `townid` = 9  [ RunTime:0.0000s ]
SQL: SELECT * FROM `qfant_village` WHERE `townid` = 11  [ RunTime:0.0000s ]
SQL: SELECT * FROM `qfant_village` WHERE `townid` = 12  [ RunTime:0.0000s ]
SQL: SELECT * FROM `qfant_village` WHERE `townid` = 13  [ RunTime:0.0000s ]
SQL: SELECT * FROM `qfant_village` WHERE `townid` = 14  [ RunTime:0.0000s ]
SQL: SELECT * FROM `qfant_village` WHERE `townid` = 15  [ RunTime:0.0000s ]
SQL: SELECT * FROM `qfant_village` WHERE `townid` = 16  [ RunTime:0.0000s ]
SQL: SELECT * FROM `qfant_village` WHERE `townid` = 17  [ RunTime:0.0000s ]
SQL: SELECT * FROM `qfant_village` WHERE `townid` = 18  [ RunTime:0.0000s ]
SQL: SELECT * FROM `qfant_village` WHERE `townid` = 19  [ RunTime:0.0000s ]
NOTIC: [2] Missing argument 3 for Caesar::clientEncode(), called in E:\www\dangjian\Application\App\Controller\IndexController.class.php on line 36 and defined E:\www\dangjian\ThinkPHP\Library\Vendor\Caesar\Caesar.php 第 61 行.
NOTIC: [8192] Non-static method Bytes::bytesToHex() should not be called statically, assuming $this from incompatible context E:\www\dangjian\ThinkPHP\Library\Vendor\Caesar\Caesar.php 第 43 行.
INFO: [ app_end ] --START--
INFO: Run Behavior\ShowPageTraceBehavior [ RunTime:0.000000s ]
INFO: [ app_end ] --END-- [ RunTime:0.000000s ]

[ 2017-10-02T02:00:33+08:00 ] 111.199.189.128 /index.php/App/Index/towns
INFO: [ app_init ] --START--
INFO: Run Behavior\BuildLiteBehavior [ RunTime:0.000000s ]
INFO: [ app_init ] --END-- [ RunTime:0.000000s ]
INFO: [ app_begin ] --START--
INFO: Run Behavior\ReadHtmlCacheBehavior [ RunTime:0.000000s ]
INFO: [ app_begin ] --END-- [ RunTime:0.000000s ]
SQL: SHOW COLUMNS FROM `qfant_town` [ RunTime:0.0000s ]
SQL: SELECT * FROM `qfant_town`  [ RunTime:0.0000s ]
SQL: SHOW COLUMNS FROM `qfant_village` [ RunTime:0.0000s ]
SQL: SELECT * FROM `qfant_village` WHERE `townid` = 9  [ RunTime:0.0000s ]
SQL: SELECT * FROM `qfant_village` WHERE `townid` = 11  [ RunTime:0.0000s ]
SQL: SELECT * FROM `qfant_village` WHERE `townid` = 12  [ RunTime:0.0000s ]
SQL: SELECT * FROM `qfant_village` WHERE `townid` = 13  [ RunTime:0.0000s ]
SQL: SELECT * FROM `qfant_village` WHERE `townid` = 14  [ RunTime:0.0000s ]
SQL: SELECT * FROM `qfant_village` WHERE `townid` = 15  [ RunTime:0.0000s ]
SQL: SELECT * FROM `qfant_village` WHERE `townid` = 16  [ RunTime:0.0000s ]
SQL: SELECT * FROM `qfant_village` WHERE `townid` = 17  [ RunTime:0.0000s ]
SQL: SELECT * FROM `qfant_village` WHERE `townid` = 18  [ RunTime:0.0000s ]
SQL: SELECT * FROM `qfant_village` WHERE `townid` = 19  [ RunTime:0.0000s ]
NOTIC: [2] Missing argument 3 for Caesar::clientEncode(), called in E:\www\dangjian\Application\App\Controller\IndexController.class.php on line 36 and defined E:\www\dangjian\ThinkPHP\Library\Vendor\Caesar\Caesar.php 第 61 行.
NOTIC: [8192] Non-static method Bytes::bytesToHex() should not be called statically, assuming $this from incompatible context E:\www\dangjian\ThinkPHP\Library\Vendor\Caesar\Caesar.php 第 43 行.
INFO: [ app_end ] --START--
INFO: Run Behavior\ShowPageTraceBehavior [ RunTime:0.000000s ]
INFO: [ app_end ] --END-- [ RunTime:0.000000s ]

[ 2017-10-02T02:18:38+08:00 ] 111.199.189.128 /index.php/App/Index/towns
INFO: [ app_init ] --START--
INFO: Run Behavior\BuildLiteBehavior [ RunTime:0.000000s ]
INFO: [ app_init ] --END-- [ RunTime:0.000000s ]
INFO: [ app_begin ] --START--
INFO: Run Behavior\ReadHtmlCacheBehavior [ RunTime:0.000000s ]
INFO: [ app_begin ] --END-- [ RunTime:0.000000s ]
SQL: SHOW COLUMNS FROM `qfant_town` [ RunTime:0.0000s ]
SQL: SELECT * FROM `qfant_town`  [ RunTime:0.0000s ]
SQL: SHOW COLUMNS FROM `qfant_village` [ RunTime:0.0000s ]
SQL: SELECT * FROM `qfant_village` WHERE `townid` = 9  [ RunTime:0.0000s ]
SQL: SELECT * FROM `qfant_village` WHERE `townid` = 11  [ RunTime:0.0000s ]
SQL: SELECT * FROM `qfant_village` WHERE `townid` = 12  [ RunTime:0.0000s ]
SQL: SELECT * FROM `qfant_village` WHERE `townid` = 13  [ RunTime:0.0000s ]
SQL: SELECT * FROM `qfant_village` WHERE `townid` = 14  [ RunTime:0.0000s ]
SQL: SELECT * FROM `qfant_village` WHERE `townid` = 15  [ RunTime:0.0000s ]
SQL: SELECT * FROM `qfant_village` WHERE `townid` = 16  [ RunTime:0.0000s ]
SQL: SELECT * FROM `qfant_village` WHERE `townid` = 17  [ RunTime:0.0000s ]
SQL: SELECT * FROM `qfant_village` WHERE `townid` = 18  [ RunTime:0.0000s ]
SQL: SELECT * FROM `qfant_village` WHERE `townid` = 19  [ RunTime:0.0000s ]
NOTIC: [2] Missing argument 3 for Caesar::clientEncode(), called in E:\www\dangjian\Application\App\Controller\IndexController.class.php on line 36 and defined E:\www\dangjian\ThinkPHP\Library\Vendor\Caesar\Caesar.php 第 61 行.
NOTIC: [8192] Non-static method Bytes::bytesToHex() should not be called statically, assuming $this from incompatible context E:\www\dangjian\ThinkPHP\Library\Vendor\Caesar\Caesar.php 第 43 行.
INFO: [ app_end ] --START--
INFO: Run Behavior\ShowPageTraceBehavior [ RunTime:0.000000s ]
INFO: [ app_end ] --END-- [ RunTime:0.000000s ]

[ 2017-10-02T02:19:26+08:00 ] 111.199.189.128 /index.php/App/Index/towns
INFO: [ app_init ] --START--
INFO: Run Behavior\BuildLiteBehavior [ RunTime:0.000000s ]
INFO: [ app_init ] --END-- [ RunTime:0.000000s ]
INFO: [ app_begin ] --START--
INFO: Run Behavior\ReadHtmlCacheBehavior [ RunTime:0.000000s ]
INFO: [ app_begin ] --END-- [ RunTime:0.000000s ]
SQL: SHOW COLUMNS FROM `qfant_town` [ RunTime:0.0000s ]
SQL: SELECT * FROM `qfant_town`  [ RunTime:0.0000s ]
SQL: SHOW COLUMNS FROM `qfant_village` [ RunTime:0.0000s ]
SQL: SELECT * FROM `qfant_village` WHERE `townid` = 9  [ RunTime:0.0000s ]
SQL: SELECT * FROM `qfant_village` WHERE `townid` = 11  [ RunTime:0.0000s ]
SQL: SELECT * FROM `qfant_village` WHERE `townid` = 12  [ RunTime:0.0000s ]
SQL: SELECT * FROM `qfant_village` WHERE `townid` = 13  [ RunTime:0.0000s ]
SQL: SELECT * FROM `qfant_village` WHERE `townid` = 14  [ RunTime:0.0000s ]
SQL: SELECT * FROM `qfant_village` WHERE `townid` = 15  [ RunTime:0.0000s ]
SQL: SELECT * FROM `qfant_village` WHERE `townid` = 16  [ RunTime:0.0000s ]
SQL: SELECT * FROM `qfant_village` WHERE `townid` = 17  [ RunTime:0.0000s ]
SQL: SELECT * FROM `qfant_village` WHERE `townid` = 18  [ RunTime:0.0000s ]
SQL: SELECT * FROM `qfant_village` WHERE `townid` = 19  [ RunTime:0.0000s ]
NOTIC: [2] Missing argument 3 for Caesar::clientEncode(), called in E:\www\dangjian\Application\App\Controller\IndexController.class.php on line 36 and defined E:\www\dangjian\ThinkPHP\Library\Vendor\Caesar\Caesar.php 第 61 行.
NOTIC: [8192] Non-static method Bytes::bytesToHex() should not be called statically, assuming $this from incompatible context E:\www\dangjian\ThinkPHP\Library\Vendor\Caesar\Caesar.php 第 43 行.
INFO: [ app_end ] --START--
INFO: Run Behavior\ShowPageTraceBehavior [ RunTime:0.000000s ]
INFO: [ app_end ] --END-- [ RunTime:0.000000s ]

[ 2017-10-02T02:19:59+08:00 ] 111.199.189.128 /index.php/App/Index/towns
INFO: [ app_init ] --START--
INFO: Run Behavior\BuildLiteBehavior [ RunTime:0.000000s ]
INFO: [ app_init ] --END-- [ RunTime:0.000000s ]
INFO: [ app_begin ] --START--
INFO: Run Behavior\ReadHtmlCacheBehavior [ RunTime:0.000000s ]
INFO: [ app_begin ] --END-- [ RunTime:0.000000s ]
SQL: SHOW COLUMNS FROM `qfant_town` [ RunTime:0.0000s ]
SQL: SELECT * FROM `qfant_town`  [ RunTime:0.0000s ]
SQL: SHOW COLUMNS FROM `qfant_village` [ RunTime:0.0000s ]
SQL: SELECT * FROM `qfant_village` WHERE `townid` = 9  [ RunTime:0.0000s ]
SQL: SELECT * FROM `qfant_village` WHERE `townid` = 11  [ RunTime:0.0000s ]
SQL: SELECT * FROM `qfant_village` WHERE `townid` = 12  [ RunTime:0.0000s ]
SQL: SELECT * FROM `qfant_village` WHERE `townid` = 13  [ RunTime:0.0000s ]
SQL: SELECT * FROM `qfant_village` WHERE `townid` = 14  [ RunTime:0.0000s ]
SQL: SELECT * FROM `qfant_village` WHERE `townid` = 15  [ RunTime:0.0000s ]
SQL: SELECT * FROM `qfant_village` WHERE `townid` = 16  [ RunTime:0.0000s ]
SQL: SELECT * FROM `qfant_village` WHERE `townid` = 17  [ RunTime:0.0000s ]
SQL: SELECT * FROM `qfant_village` WHERE `townid` = 18  [ RunTime:0.0000s ]
SQL: SELECT * FROM `qfant_village` WHERE `townid` = 19  [ RunTime:0.0000s ]
NOTIC: [2] Missing argument 3 for Caesar::clientEncode(), called in E:\www\dangjian\Application\App\Controller\IndexController.class.php on line 36 and defined E:\www\dangjian\ThinkPHP\Library\Vendor\Caesar\Caesar.php 第 61 行.
NOTIC: [8192] Non-static method Bytes::bytesToHex() should not be called statically, assuming $this from incompatible context E:\www\dangjian\ThinkPHP\Library\Vendor\Caesar\Caesar.php 第 43 行.
INFO: [ app_end ] --START--
INFO: Run Behavior\ShowPageTraceBehavior [ RunTime:0.000000s ]
INFO: [ app_end ] --END-- [ RunTime:0.000000s ]

[ 2017-10-02T02:20:39+08:00 ] 111.199.189.128 /index.php/App/Index/towns
INFO: [ app_init ] --START--
INFO: Run Behavior\BuildLiteBehavior [ RunTime:0.000000s ]
INFO: [ app_init ] --END-- [ RunTime:0.000000s ]
INFO: [ app_begin ] --START--
INFO: Run Behavior\ReadHtmlCacheBehavior [ RunTime:0.000000s ]
INFO: [ app_begin ] --END-- [ RunTime:0.000000s ]
SQL: SHOW COLUMNS FROM `qfant_town` [ RunTime:0.0000s ]
SQL: SELECT * FROM `qfant_town`  [ RunTime:0.0000s ]
SQL: SHOW COLUMNS FROM `qfant_village` [ RunTime:0.0000s ]
SQL: SELECT * FROM `qfant_village` WHERE `townid` = 9  [ RunTime:0.0000s ]
SQL: SELECT * FROM `qfant_village` WHERE `townid` = 11  [ RunTime:0.0000s ]
SQL: SELECT * FROM `qfant_village` WHERE `townid` = 12  [ RunTime:0.0000s ]
SQL: SELECT * FROM `qfant_village` WHERE `townid` = 13  [ RunTime:0.0000s ]
SQL: SELECT * FROM `qfant_village` WHERE `townid` = 14  [ RunTime:0.0000s ]
SQL: SELECT * FROM `qfant_village` WHERE `townid` = 15  [ RunTime:0.0000s ]
SQL: SELECT * FROM `qfant_village` WHERE `townid` = 16  [ RunTime:0.0000s ]
SQL: SELECT * FROM `qfant_village` WHERE `townid` = 17  [ RunTime:0.0000s ]
SQL: SELECT * FROM `qfant_village` WHERE `townid` = 18  [ RunTime:0.0000s ]
SQL: SELECT * FROM `qfant_village` WHERE `townid` = 19  [ RunTime:0.0000s ]
NOTIC: [2] Missing argument 3 for Caesar::clientEncode(), called in E:\www\dangjian\Application\App\Controller\IndexController.class.php on line 36 and defined E:\www\dangjian\ThinkPHP\Library\Vendor\Caesar\Caesar.php 第 61 行.
NOTIC: [8192] Non-static method Bytes::bytesToHex() should not be called statically, assuming $this from incompatible context E:\www\dangjian\ThinkPHP\Library\Vendor\Caesar\Caesar.php 第 43 行.
INFO: [ app_end ] --START--
INFO: Run Behavior\ShowPageTraceBehavior [ RunTime:0.000000s ]
INFO: [ app_end ] --END-- [ RunTime:0.000000s ]

[ 2017-10-02T02:21:20+08:00 ] 111.199.189.128 /index.php/App/Index/towns
INFO: [ app_init ] --START--
INFO: Run Behavior\BuildLiteBehavior [ RunTime:0.000000s ]
INFO: [ app_init ] --END-- [ RunTime:0.000000s ]
INFO: [ app_begin ] --START--
INFO: Run Behavior\ReadHtmlCacheBehavior [ RunTime:0.000000s ]
INFO: [ app_begin ] --END-- [ RunTime:0.000000s ]
SQL: SHOW COLUMNS FROM `qfant_town` [ RunTime:0.0000s ]
SQL: SELECT * FROM `qfant_town`  [ RunTime:0.0000s ]
SQL: SHOW COLUMNS FROM `qfant_village` [ RunTime:0.0000s ]
SQL: SELECT * FROM `qfant_village` WHERE `townid` = 9  [ RunTime:0.0000s ]
SQL: SELECT * FROM `qfant_village` WHERE `townid` = 11  [ RunTime:0.0000s ]
SQL: SELECT * FROM `qfant_village` WHERE `townid` = 12  [ RunTime:0.0000s ]
SQL: SELECT * FROM `qfant_village` WHERE `townid` = 13  [ RunTime:0.0000s ]
SQL: SELECT * FROM `qfant_village` WHERE `townid` = 14  [ RunTime:0.0000s ]
SQL: SELECT * FROM `qfant_village` WHERE `townid` = 15  [ RunTime:0.0000s ]
SQL: SELECT * FROM `qfant_village` WHERE `townid` = 16  [ RunTime:0.0000s ]
SQL: SELECT * FROM `qfant_village` WHERE `townid` = 17  [ RunTime:0.0000s ]
SQL: SELECT * FROM `qfant_village` WHERE `townid` = 18  [ RunTime:0.0000s ]
SQL: SELECT * FROM `qfant_village` WHERE `townid` = 19  [ RunTime:0.0000s ]
NOTIC: [2] Missing argument 3 for Caesar::clientEncode(), called in E:\www\dangjian\Application\App\Controller\IndexController.class.php on line 36 and defined E:\www\dangjian\ThinkPHP\Library\Vendor\Caesar\Caesar.php 第 61 行.
NOTIC: [8192] Non-static method Bytes::bytesToHex() should not be called statically, assuming $this from incompatible context E:\www\dangjian\ThinkPHP\Library\Vendor\Caesar\Caesar.php 第 43 行.
INFO: [ app_end ] --START--
INFO: Run Behavior\ShowPageTraceBehavior [ RunTime:0.000000s ]
INFO: [ app_end ] --END-- [ RunTime:0.000000s ]

[ 2017-10-02T02:21:58+08:00 ] 111.199.189.128 /index.php/App/Index/towns
INFO: [ app_init ] --START--
INFO: Run Behavior\BuildLiteBehavior [ RunTime:0.000000s ]
INFO: [ app_init ] --END-- [ RunTime:0.000000s ]
INFO: [ app_begin ] --START--
INFO: Run Behavior\ReadHtmlCacheBehavior [ RunTime:0.000000s ]
INFO: [ app_begin ] --END-- [ RunTime:0.000000s ]
SQL: SHOW COLUMNS FROM `qfant_town` [ RunTime:0.0000s ]
SQL: SELECT * FROM `qfant_town`  [ RunTime:0.0000s ]
SQL: SHOW COLUMNS FROM `qfant_village` [ RunTime:0.0000s ]
SQL: SELECT * FROM `qfant_village` WHERE `townid` = 9  [ RunTime:0.0000s ]
SQL: SELECT * FROM `qfant_village` WHERE `townid` = 11  [ RunTime:0.0000s ]
SQL: SELECT * FROM `qfant_village` WHERE `townid` = 12  [ RunTime:0.0000s ]
SQL: SELECT * FROM `qfant_village` WHERE `townid` = 13  [ RunTime:0.0000s ]
SQL: SELECT * FROM `qfant_village` WHERE `townid` = 14  [ RunTime:0.0000s ]
SQL: SELECT * FROM `qfant_village` WHERE `townid` = 15  [ RunTime:0.0000s ]
SQL: SELECT * FROM `qfant_village` WHERE `townid` = 16  [ RunTime:0.0000s ]
SQL: SELECT * FROM `qfant_village` WHERE `townid` = 17  [ RunTime:0.0000s ]
SQL: SELECT * FROM `qfant_village` WHERE `townid` = 18  [ RunTime:0.0000s ]
SQL: SELECT * FROM `qfant_village` WHERE `townid` = 19  [ RunTime:0.0000s ]
NOTIC: [2] Missing argument 3 for Caesar::clientEncode(), called in E:\www\dangjian\Application\App\Controller\IndexController.class.php on line 36 and defined E:\www\dangjian\ThinkPHP\Library\Vendor\Caesar\Caesar.php 第 61 行.
NOTIC: [8192] Non-static method Bytes::bytesToHex() should not be called statically, assuming $this from incompatible context E:\www\dangjian\ThinkPHP\Library\Vendor\Caesar\Caesar.php 第 43 行.
INFO: [ app_end ] --START--
INFO: Run Behavior\ShowPageTraceBehavior [ RunTime:0.000000s ]
INFO: [ app_end ] --END-- [ RunTime:0.000000s ]

[ 2017-10-02T02:22:26+08:00 ] 111.199.189.128 /index.php/App/Index/towns
INFO: [ app_init ] --START--
INFO: Run Behavior\BuildLiteBehavior [ RunTime:0.000000s ]
INFO: [ app_init ] --END-- [ RunTime:0.000000s ]
INFO: [ app_begin ] --START--
INFO: Run Behavior\ReadHtmlCacheBehavior [ RunTime:0.000000s ]
INFO: [ app_begin ] --END-- [ RunTime:0.000000s ]
SQL: SHOW COLUMNS FROM `qfant_town` [ RunTime:0.0000s ]
SQL: SELECT * FROM `qfant_town`  [ RunTime:0.0000s ]
SQL: SHOW COLUMNS FROM `qfant_village` [ RunTime:0.0000s ]
SQL: SELECT * FROM `qfant_village` WHERE `townid` = 9  [ RunTime:0.0000s ]
SQL: SELECT * FROM `qfant_village` WHERE `townid` = 11  [ RunTime:0.0000s ]
SQL: SELECT * FROM `qfant_village` WHERE `townid` = 12  [ RunTime:0.0000s ]
SQL: SELECT * FROM `qfant_village` WHERE `townid` = 13  [ RunTime:0.0000s ]
SQL: SELECT * FROM `qfant_village` WHERE `townid` = 14  [ RunTime:0.0000s ]
SQL: SELECT * FROM `qfant_village` WHERE `townid` = 15  [ RunTime:0.0000s ]
SQL: SELECT * FROM `qfant_village` WHERE `townid` = 16  [ RunTime:0.0000s ]
SQL: SELECT * FROM `qfant_village` WHERE `townid` = 17  [ RunTime:0.0000s ]
SQL: SELECT * FROM `qfant_village` WHERE `townid` = 18  [ RunTime:0.0000s ]
SQL: SELECT * FROM `qfant_village` WHERE `townid` = 19  [ RunTime:0.0000s ]
NOTIC: [2] Missing argument 3 for Caesar::clientEncode(), called in E:\www\dangjian\Application\App\Controller\IndexController.class.php on line 36 and defined E:\www\dangjian\ThinkPHP\Library\Vendor\Caesar\Caesar.php 第 61 行.
NOTIC: [8192] Non-static method Bytes::bytesToHex() should not be called statically, assuming $this from incompatible context E:\www\dangjian\ThinkPHP\Library\Vendor\Caesar\Caesar.php 第 43 行.
INFO: [ app_end ] --START--
INFO: Run Behavior\ShowPageTraceBehavior [ RunTime:0.000000s ]
INFO: [ app_end ] --END-- [ RunTime:0.000000s ]

[ 2017-10-02T02:23:01+08:00 ] 111.199.189.128 /index.php/App/Index/towns
INFO: [ app_init ] --START--
INFO: Run Behavior\BuildLiteBehavior [ RunTime:0.000000s ]
INFO: [ app_init ] --END-- [ RunTime:0.000000s ]
INFO: [ app_begin ] --START--
INFO: Run Behavior\ReadHtmlCacheBehavior [ RunTime:0.000000s ]
INFO: [ app_begin ] --END-- [ RunTime:0.000000s ]
SQL: SHOW COLUMNS FROM `qfant_town` [ RunTime:0.0000s ]
SQL: SELECT * FROM `qfant_town`  [ RunTime:0.0000s ]
SQL: SHOW COLUMNS FROM `qfant_village` [ RunTime:0.0000s ]
SQL: SELECT * FROM `qfant_village` WHERE `townid` = 9  [ RunTime:0.0000s ]
SQL: SELECT * FROM `qfant_village` WHERE `townid` = 11  [ RunTime:0.0000s ]
SQL: SELECT * FROM `qfant_village` WHERE `townid` = 12  [ RunTime:0.0000s ]
SQL: SELECT * FROM `qfant_village` WHERE `townid` = 13  [ RunTime:0.0000s ]
SQL: SELECT * FROM `qfant_village` WHERE `townid` = 14  [ RunTime:0.0000s ]
SQL: SELECT * FROM `qfant_village` WHERE `townid` = 15  [ RunTime:0.0000s ]
SQL: SELECT * FROM `qfant_village` WHERE `townid` = 16  [ RunTime:0.0000s ]
SQL: SELECT * FROM `qfant_village` WHERE `townid` = 17  [ RunTime:0.0000s ]
SQL: SELECT * FROM `qfant_village` WHERE `townid` = 18  [ RunTime:0.0000s ]
SQL: SELECT * FROM `qfant_village` WHERE `townid` = 19  [ RunTime:0.0000s ]
NOTIC: [2] Missing argument 3 for Caesar::clientEncode(), called in E:\www\dangjian\Application\App\Controller\IndexController.class.php on line 36 and defined E:\www\dangjian\ThinkPHP\Library\Vendor\Caesar\Caesar.php 第 61 行.
NOTIC: [8192] Non-static method Bytes::bytesToHex() should not be called statically, assuming $this from incompatible context E:\www\dangjian\ThinkPHP\Library\Vendor\Caesar\Caesar.php 第 43 行.
INFO: [ app_end ] --START--
INFO: Run Behavior\ShowPageTraceBehavior [ RunTime:0.000000s ]
INFO: [ app_end ] --END-- [ RunTime:0.000000s ]

[ 2017-10-02T02:23:35+08:00 ] 111.199.189.128 /index.php/App/Index/towns
INFO: [ app_init ] --START--
INFO: Run Behavior\BuildLiteBehavior [ RunTime:0.000000s ]
INFO: [ app_init ] --END-- [ RunTime:0.000000s ]
INFO: [ app_begin ] --START--
INFO: Run Behavior\ReadHtmlCacheBehavior [ RunTime:0.000000s ]
INFO: [ app_begin ] --END-- [ RunTime:0.000000s ]
SQL: SHOW COLUMNS FROM `qfant_town` [ RunTime:0.0000s ]
SQL: SELECT * FROM `qfant_town`  [ RunTime:0.0000s ]
SQL: SHOW COLUMNS FROM `qfant_village` [ RunTime:0.0000s ]
SQL: SELECT * FROM `qfant_village` WHERE `townid` = 9  [ RunTime:0.0000s ]
SQL: SELECT * FROM `qfant_village` WHERE `townid` = 11  [ RunTime:0.0000s ]
SQL: SELECT * FROM `qfant_village` WHERE `townid` = 12  [ RunTime:0.0000s ]
SQL: SELECT * FROM `qfant_village` WHERE `townid` = 13  [ RunTime:0.0000s ]
SQL: SELECT * FROM `qfant_village` WHERE `townid` = 14  [ RunTime:0.0000s ]
SQL: SELECT * FROM `qfant_village` WHERE `townid` = 15  [ RunTime:0.0000s ]
SQL: SELECT * FROM `qfant_village` WHERE `townid` = 16  [ RunTime:0.0000s ]
SQL: SELECT * FROM `qfant_village` WHERE `townid` = 17  [ RunTime:0.0000s ]
SQL: SELECT * FROM `qfant_village` WHERE `townid` = 18  [ RunTime:0.0000s ]
SQL: SELECT * FROM `qfant_village` WHERE `townid` = 19  [ RunTime:0.0000s ]
NOTIC: [2] Missing argument 3 for Caesar::clientEncode(), called in E:\www\dangjian\Application\App\Controller\IndexController.class.php on line 36 and defined E:\www\dangjian\ThinkPHP\Library\Vendor\Caesar\Caesar.php 第 61 行.
NOTIC: [8192] Non-static method Bytes::bytesToHex() should not be called statically, assuming $this from incompatible context E:\www\dangjian\ThinkPHP\Library\Vendor\Caesar\Caesar.php 第 43 行.
INFO: [ app_end ] --START--
INFO: Run Behavior\ShowPageTraceBehavior [ RunTime:0.000000s ]
INFO: [ app_end ] --END-- [ RunTime:0.000000s ]

[ 2017-10-02T02:25:32+08:00 ] 111.199.189.128 /index.php/App/Index/towns
INFO: [ app_init ] --START--
INFO: Run Behavior\BuildLiteBehavior [ RunTime:0.000000s ]
INFO: [ app_init ] --END-- [ RunTime:0.000000s ]
INFO: [ app_begin ] --START--
INFO: Run Behavior\ReadHtmlCacheBehavior [ RunTime:0.000000s ]
INFO: [ app_begin ] --END-- [ RunTime:0.000000s ]
SQL: SHOW COLUMNS FROM `qfant_town` [ RunTime:0.0000s ]
SQL: SELECT * FROM `qfant_town`  [ RunTime:0.0000s ]
SQL: SHOW COLUMNS FROM `qfant_village` [ RunTime:0.0000s ]
SQL: SELECT * FROM `qfant_village` WHERE `townid` = 9  [ RunTime:0.0000s ]
SQL: SELECT * FROM `qfant_village` WHERE `townid` = 11  [ RunTime:0.0000s ]
SQL: SELECT * FROM `qfant_village` WHERE `townid` = 12  [ RunTime:0.0000s ]
SQL: SELECT * FROM `qfant_village` WHERE `townid` = 13  [ RunTime:0.0000s ]
SQL: SELECT * FROM `qfant_village` WHERE `townid` = 14  [ RunTime:0.0000s ]
SQL: SELECT * FROM `qfant_village` WHERE `townid` = 15  [ RunTime:0.0000s ]
SQL: SELECT * FROM `qfant_village` WHERE `townid` = 16  [ RunTime:0.0000s ]
SQL: SELECT * FROM `qfant_village` WHERE `townid` = 17  [ RunTime:0.0000s ]
SQL: SELECT * FROM `qfant_village` WHERE `townid` = 18  [ RunTime:0.0000s ]
SQL: SELECT * FROM `qfant_village` WHERE `townid` = 19  [ RunTime:0.0000s ]
NOTIC: [2] Missing argument 3 for Caesar::clientEncode(), called in E:\www\dangjian\Application\App\Controller\IndexController.class.php on line 36 and defined E:\www\dangjian\ThinkPHP\Library\Vendor\Caesar\Caesar.php 第 61 行.
NOTIC: [8192] Non-static method Bytes::bytesToHex() should not be called statically, assuming $this from incompatible context E:\www\dangjian\ThinkPHP\Library\Vendor\Caesar\Caesar.php 第 43 行.
INFO: [ app_end ] --START--
INFO: Run Behavior\ShowPageTraceBehavior [ RunTime:0.000000s ]
INFO: [ app_end ] --END-- [ RunTime:0.000000s ]

[ 2017-10-02T02:36:44+08:00 ] 111.199.189.128 /index.php/App/Index/towns
INFO: [ app_init ] --START--
INFO: Run Behavior\BuildLiteBehavior [ RunTime:0.000000s ]
INFO: [ app_init ] --END-- [ RunTime:0.000000s ]
INFO: [ app_begin ] --START--
INFO: Run Behavior\ReadHtmlCacheBehavior [ RunTime:0.000000s ]
INFO: [ app_begin ] --END-- [ RunTime:0.000000s ]
SQL: SHOW COLUMNS FROM `qfant_town` [ RunTime:0.0000s ]
SQL: SELECT * FROM `qfant_town`  [ RunTime:0.0000s ]
SQL: SHOW COLUMNS FROM `qfant_village` [ RunTime:0.0000s ]
SQL: SELECT * FROM `qfant_village` WHERE `townid` = 9  [ RunTime:0.0000s ]
SQL: SELECT * FROM `qfant_village` WHERE `townid` = 11  [ RunTime:0.0000s ]
SQL: SELECT * FROM `qfant_village` WHERE `townid` = 12  [ RunTime:0.0000s ]
SQL: SELECT * FROM `qfant_village` WHERE `townid` = 13  [ RunTime:0.0000s ]
SQL: SELECT * FROM `qfant_village` WHERE `townid` = 14  [ RunTime:0.0000s ]
SQL: SELECT * FROM `qfant_village` WHERE `townid` = 15  [ RunTime:0.0000s ]
SQL: SELECT * FROM `qfant_village` WHERE `townid` = 16  [ RunTime:0.0000s ]
SQL: SELECT * FROM `qfant_village` WHERE `townid` = 17  [ RunTime:0.0000s ]
SQL: SELECT * FROM `qfant_village` WHERE `townid` = 18  [ RunTime:0.0000s ]
SQL: SELECT * FROM `qfant_village` WHERE `townid` = 19  [ RunTime:0.0000s ]
NOTIC: [2] Missing argument 3 for Caesar::clientEncode(), called in E:\www\dangjian\Application\App\Controller\IndexController.class.php on line 36 and defined E:\www\dangjian\ThinkPHP\Library\Vendor\Caesar\Caesar.php 第 61 行.
NOTIC: [8192] Non-static method Bytes::bytesToHex() should not be called statically, assuming $this from incompatible context E:\www\dangjian\ThinkPHP\Library\Vendor\Caesar\Caesar.php 第 43 行.
INFO: [ app_end ] --START--
INFO: Run Behavior\ShowPageTraceBehavior [ RunTime:0.000000s ]
INFO: [ app_end ] --END-- [ RunTime:0.000000s ]

[ 2017-10-02T02:37:14+08:00 ] 111.199.189.128 /index.php/App/Index/towns
INFO: [ app_init ] --START--
INFO: Run Behavior\BuildLiteBehavior [ RunTime:0.000000s ]
INFO: [ app_init ] --END-- [ RunTime:0.000000s ]
INFO: [ app_begin ] --START--
INFO: Run Behavior\ReadHtmlCacheBehavior [ RunTime:0.000000s ]
INFO: [ app_begin ] --END-- [ RunTime:0.000000s ]
SQL: SHOW COLUMNS FROM `qfant_town` [ RunTime:0.0000s ]
SQL: SELECT * FROM `qfant_town`  [ RunTime:0.0000s ]
SQL: SHOW COLUMNS FROM `qfant_village` [ RunTime:0.0000s ]
SQL: SELECT * FROM `qfant_village` WHERE `townid` = 9  [ RunTime:0.0000s ]
SQL: SELECT * FROM `qfant_village` WHERE `townid` = 11  [ RunTime:0.0000s ]
SQL: SELECT * FROM `qfant_village` WHERE `townid` = 12  [ RunTime:0.0000s ]
SQL: SELECT * FROM `qfant_village` WHERE `townid` = 13  [ RunTime:0.0000s ]
SQL: SELECT * FROM `qfant_village` WHERE `townid` = 14  [ RunTime:0.0000s ]
SQL: SELECT * FROM `qfant_village` WHERE `townid` = 15  [ RunTime:0.0000s ]
SQL: SELECT * FROM `qfant_village` WHERE `townid` = 16  [ RunTime:0.0000s ]
SQL: SELECT * FROM `qfant_village` WHERE `townid` = 17  [ RunTime:0.0000s ]
SQL: SELECT * FROM `qfant_village` WHERE `townid` = 18  [ RunTime:0.0000s ]
SQL: SELECT * FROM `qfant_village` WHERE `townid` = 19  [ RunTime:0.0000s ]
NOTIC: [2] Missing argument 3 for Caesar::clientEncode(), called in E:\www\dangjian\Application\App\Controller\IndexController.class.php on line 36 and defined E:\www\dangjian\ThinkPHP\Library\Vendor\Caesar\Caesar.php 第 61 行.
NOTIC: [8192] Non-static method Bytes::bytesToHex() should not be called statically, assuming $this from incompatible context E:\www\dangjian\ThinkPHP\Library\Vendor\Caesar\Caesar.php 第 43 行.
INFO: [ app_end ] --START--
INFO: Run Behavior\ShowPageTraceBehavior [ RunTime:0.000000s ]
INFO: [ app_end ] --END-- [ RunTime:0.000000s ]

[ 2017-10-02T02:38:02+08:00 ] 111.199.189.128 /index.php/App/Index/towns
INFO: [ app_init ] --START--
INFO: Run Behavior\BuildLiteBehavior [ RunTime:0.000000s ]
INFO: [ app_init ] --END-- [ RunTime:0.000000s ]
INFO: [ app_begin ] --START--
INFO: Run Behavior\ReadHtmlCacheBehavior [ RunTime:0.000000s ]
INFO: [ app_begin ] --END-- [ RunTime:0.000000s ]
SQL: SHOW COLUMNS FROM `qfant_town` [ RunTime:0.0000s ]
SQL: SELECT * FROM `qfant_town`  [ RunTime:0.0000s ]
SQL: SHOW COLUMNS FROM `qfant_village` [ RunTime:0.0000s ]
SQL: SELECT * FROM `qfant_village` WHERE `townid` = 9  [ RunTime:0.0000s ]
SQL: SELECT * FROM `qfant_village` WHERE `townid` = 11  [ RunTime:0.0000s ]
SQL: SELECT * FROM `qfant_village` WHERE `townid` = 12  [ RunTime:0.0000s ]
SQL: SELECT * FROM `qfant_village` WHERE `townid` = 13  [ RunTime:0.0000s ]
SQL: SELECT * FROM `qfant_village` WHERE `townid` = 14  [ RunTime:0.0000s ]
SQL: SELECT * FROM `qfant_village` WHERE `townid` = 15  [ RunTime:0.0000s ]
SQL: SELECT * FROM `qfant_village` WHERE `townid` = 16  [ RunTime:0.0000s ]
SQL: SELECT * FROM `qfant_village` WHERE `townid` = 17  [ RunTime:0.0000s ]
SQL: SELECT * FROM `qfant_village` WHERE `townid` = 18  [ RunTime:0.0000s ]
SQL: SELECT * FROM `qfant_village` WHERE `townid` = 19  [ RunTime:0.0000s ]
NOTIC: [2] Missing argument 3 for Caesar::clientEncode(), called in E:\www\dangjian\Application\App\Controller\IndexController.class.php on line 36 and defined E:\www\dangjian\ThinkPHP\Library\Vendor\Caesar\Caesar.php 第 61 行.
NOTIC: [8192] Non-static method Bytes::bytesToHex() should not be called statically, assuming $this from incompatible context E:\www\dangjian\ThinkPHP\Library\Vendor\Caesar\Caesar.php 第 43 行.
INFO: [ app_end ] --START--
INFO: Run Behavior\ShowPageTraceBehavior [ RunTime:0.000000s ]
INFO: [ app_end ] --END-- [ RunTime:0.000000s ]

[ 2017-10-02T02:38:33+08:00 ] 111.199.189.128 /index.php/App/Index/towns
INFO: [ app_init ] --START--
INFO: Run Behavior\BuildLiteBehavior [ RunTime:0.000000s ]
INFO: [ app_init ] --END-- [ RunTime:0.000000s ]
INFO: [ app_begin ] --START--
INFO: Run Behavior\ReadHtmlCacheBehavior [ RunTime:0.000000s ]
INFO: [ app_begin ] --END-- [ RunTime:0.000000s ]
SQL: SHOW COLUMNS FROM `qfant_town` [ RunTime:0.0000s ]
SQL: SELECT * FROM `qfant_town`  [ RunTime:0.0000s ]
SQL: SHOW COLUMNS FROM `qfant_village` [ RunTime:0.0000s ]
SQL: SELECT * FROM `qfant_village` WHERE `townid` = 9  [ RunTime:0.0000s ]
SQL: SELECT * FROM `qfant_village` WHERE `townid` = 11  [ RunTime:0.0000s ]
SQL: SELECT * FROM `qfant_village` WHERE `townid` = 12  [ RunTime:0.0000s ]
SQL: SELECT * FROM `qfant_village` WHERE `townid` = 13  [ RunTime:0.0000s ]
SQL: SELECT * FROM `qfant_village` WHERE `townid` = 14  [ RunTime:0.0000s ]
SQL: SELECT * FROM `qfant_village` WHERE `townid` = 15  [ RunTime:0.0000s ]
SQL: SELECT * FROM `qfant_village` WHERE `townid` = 16  [ RunTime:0.0000s ]
SQL: SELECT * FROM `qfant_village` WHERE `townid` = 17  [ RunTime:0.0000s ]
SQL: SELECT * FROM `qfant_village` WHERE `townid` = 18  [ RunTime:0.0000s ]
SQL: SELECT * FROM `qfant_village` WHERE `townid` = 19  [ RunTime:0.0000s ]
NOTIC: [2] Missing argument 3 for Caesar::clientEncode(), called in E:\www\dangjian\Application\App\Controller\IndexController.class.php on line 36 and defined E:\www\dangjian\ThinkPHP\Library\Vendor\Caesar\Caesar.php 第 61 行.
NOTIC: [8192] Non-static method Bytes::bytesToHex() should not be called statically, assuming $this from incompatible context E:\www\dangjian\ThinkPHP\Library\Vendor\Caesar\Caesar.php 第 43 行.
INFO: [ app_end ] --START--
INFO: Run Behavior\ShowPageTraceBehavior [ RunTime:0.000000s ]
INFO: [ app_end ] --END-- [ RunTime:0.000000s ]

[ 2017-10-02T02:39:42+08:00 ] 111.199.189.128 /index.php/App/Index/towns
INFO: [ app_init ] --START--
INFO: Run Behavior\BuildLiteBehavior [ RunTime:0.000000s ]
INFO: [ app_init ] --END-- [ RunTime:0.000000s ]
INFO: [ app_begin ] --START--
INFO: Run Behavior\ReadHtmlCacheBehavior [ RunTime:0.000000s ]
INFO: [ app_begin ] --END-- [ RunTime:0.000000s ]
SQL: SHOW COLUMNS FROM `qfant_town` [ RunTime:0.0000s ]
SQL: SELECT * FROM `qfant_town`  [ RunTime:0.0000s ]
SQL: SHOW COLUMNS FROM `qfant_village` [ RunTime:0.0000s ]
SQL: SELECT * FROM `qfant_village` WHERE `townid` = 9  [ RunTime:0.0000s ]
SQL: SELECT * FROM `qfant_village` WHERE `townid` = 11  [ RunTime:0.0000s ]
SQL: SELECT * FROM `qfant_village` WHERE `townid` = 12  [ RunTime:0.0000s ]
SQL: SELECT * FROM `qfant_village` WHERE `townid` = 13  [ RunTime:0.0000s ]
SQL: SELECT * FROM `qfant_village` WHERE `townid` = 14  [ RunTime:0.0000s ]
SQL: SELECT * FROM `qfant_village` WHERE `townid` = 15  [ RunTime:0.0000s ]
SQL: SELECT * FROM `qfant_village` WHERE `townid` = 16  [ RunTime:0.0000s ]
SQL: SELECT * FROM `qfant_village` WHERE `townid` = 17  [ RunTime:0.0000s ]
SQL: SELECT * FROM `qfant_village` WHERE `townid` = 18  [ RunTime:0.0000s ]
SQL: SELECT * FROM `qfant_village` WHERE `townid` = 19  [ RunTime:0.0000s ]
NOTIC: [2] Missing argument 3 for Caesar::clientEncode(), called in E:\www\dangjian\Application\App\Controller\IndexController.class.php on line 36 and defined E:\www\dangjian\ThinkPHP\Library\Vendor\Caesar\Caesar.php 第 61 行.
NOTIC: [8192] Non-static method Bytes::bytesToHex() should not be called statically, assuming $this from incompatible context E:\www\dangjian\ThinkPHP\Library\Vendor\Caesar\Caesar.php 第 43 行.
INFO: [ app_end ] --START--
INFO: Run Behavior\ShowPageTraceBehavior [ RunTime:0.000000s ]
INFO: [ app_end ] --END-- [ RunTime:0.000000s ]

[ 2017-10-02T02:42:16+08:00 ] 111.199.189.128 /index.php/App/Index/towns
INFO: [ app_init ] --START--
INFO: Run Behavior\BuildLiteBehavior [ RunTime:0.000000s ]
INFO: [ app_init ] --END-- [ RunTime:0.000000s ]
INFO: [ app_begin ] --START--
INFO: Run Behavior\ReadHtmlCacheBehavior [ RunTime:0.000000s ]
INFO: [ app_begin ] --END-- [ RunTime:0.000000s ]
SQL: SHOW COLUMNS FROM `qfant_town` [ RunTime:0.0000s ]
SQL: SELECT * FROM `qfant_town`  [ RunTime:0.0000s ]
SQL: SHOW COLUMNS FROM `qfant_village` [ RunTime:0.0000s ]
SQL: SELECT * FROM `qfant_village` WHERE `townid` = 9  [ RunTime:0.0000s ]
SQL: SELECT * FROM `qfant_village` WHERE `townid` = 11  [ RunTime:0.0000s ]
SQL: SELECT * FROM `qfant_village` WHERE `townid` = 12  [ RunTime:0.0000s ]
SQL: SELECT * FROM `qfant_village` WHERE `townid` = 13  [ RunTime:0.0000s ]
SQL: SELECT * FROM `qfant_village` WHERE `townid` = 14  [ RunTime:0.0000s ]
SQL: SELECT * FROM `qfant_village` WHERE `townid` = 15  [ RunTime:0.0000s ]
SQL: SELECT * FROM `qfant_village` WHERE `townid` = 16  [ RunTime:0.0000s ]
SQL: SELECT * FROM `qfant_village` WHERE `townid` = 17  [ RunTime:0.0000s ]
SQL: SELECT * FROM `qfant_village` WHERE `townid` = 18  [ RunTime:0.0000s ]
SQL: SELECT * FROM `qfant_village` WHERE `townid` = 19  [ RunTime:0.0000s ]
NOTIC: [2] Missing argument 3 for Caesar::clientEncode(), called in E:\www\dangjian\Application\App\Controller\IndexController.class.php on line 36 and defined E:\www\dangjian\ThinkPHP\Library\Vendor\Caesar\Caesar.php 第 61 行.
NOTIC: [8192] Non-static method Bytes::bytesToHex() should not be called statically, assuming $this from incompatible context E:\www\dangjian\ThinkPHP\Library\Vendor\Caesar\Caesar.php 第 43 行.
INFO: [ app_end ] --START--
INFO: Run Behavior\ShowPageTraceBehavior [ RunTime:0.000000s ]
INFO: [ app_end ] --END-- [ RunTime:0.000000s ]

[ 2017-10-02T02:46:00+08:00 ] 111.199.189.128 /index.php/App/Index/towns
INFO: [ app_init ] --START--
INFO: Run Behavior\BuildLiteBehavior [ RunTime:0.000000s ]
INFO: [ app_init ] --END-- [ RunTime:0.000000s ]
INFO: [ app_begin ] --START--
INFO: Run Behavior\ReadHtmlCacheBehavior [ RunTime:0.000000s ]
INFO: [ app_begin ] --END-- [ RunTime:0.000000s ]
SQL: SHOW COLUMNS FROM `qfant_town` [ RunTime:0.0156s ]
SQL: SELECT * FROM `qfant_town`  [ RunTime:0.0000s ]
SQL: SHOW COLUMNS FROM `qfant_village` [ RunTime:0.0000s ]
SQL: SELECT * FROM `qfant_village` WHERE `townid` = 9  [ RunTime:0.0000s ]
SQL: SELECT * FROM `qfant_village` WHERE `townid` = 11  [ RunTime:0.0000s ]
SQL: SELECT * FROM `qfant_village` WHERE `townid` = 12  [ RunTime:0.0000s ]
SQL: SELECT * FROM `qfant_village` WHERE `townid` = 13  [ RunTime:0.0000s ]
SQL: SELECT * FROM `qfant_village` WHERE `townid` = 14  [ RunTime:0.0000s ]
SQL: SELECT * FROM `qfant_village` WHERE `townid` = 15  [ RunTime:0.0000s ]
SQL: SELECT * FROM `qfant_village` WHERE `townid` = 16  [ RunTime:0.0000s ]
SQL: SELECT * FROM `qfant_village` WHERE `townid` = 17  [ RunTime:0.0000s ]
SQL: SELECT * FROM `qfant_village` WHERE `townid` = 18  [ RunTime:0.0000s ]
SQL: SELECT * FROM `qfant_village` WHERE `townid` = 19  [ RunTime:0.0000s ]
NOTIC: [2] Missing argument 3 for Caesar::clientEncode(), called in E:\www\dangjian\Application\App\Controller\IndexController.class.php on line 36 and defined E:\www\dangjian\ThinkPHP\Library\Vendor\Caesar\Caesar.php 第 61 行.
NOTIC: [8192] Non-static method Bytes::bytesToHex() should not be called statically, assuming $this from incompatible context E:\www\dangjian\ThinkPHP\Library\Vendor\Caesar\Caesar.php 第 43 行.
INFO: [ app_end ] --START--
INFO: Run Behavior\ShowPageTraceBehavior [ RunTime:0.000000s ]
INFO: [ app_end ] --END-- [ RunTime:0.000000s ]

[ 2017-10-02T02:48:08+08:00 ] 111.199.189.128 /index.php/App/Index/towns
INFO: [ app_init ] --START--
INFO: Run Behavior\BuildLiteBehavior [ RunTime:0.000000s ]
INFO: [ app_init ] --END-- [ RunTime:0.000000s ]
INFO: [ app_begin ] --START--
INFO: Run Behavior\ReadHtmlCacheBehavior [ RunTime:0.000000s ]
INFO: [ app_begin ] --END-- [ RunTime:0.000000s ]
SQL: SHOW COLUMNS FROM `qfant_town` [ RunTime:0.0000s ]
SQL: SELECT * FROM `qfant_town`  [ RunTime:0.0000s ]
SQL: SHOW COLUMNS FROM `qfant_village` [ RunTime:0.0000s ]
SQL: SELECT * FROM `qfant_village` WHERE `townid` = 9  [ RunTime:0.0000s ]
SQL: SELECT * FROM `qfant_village` WHERE `townid` = 11  [ RunTime:0.0000s ]
SQL: SELECT * FROM `qfant_village` WHERE `townid` = 12  [ RunTime:0.0000s ]
SQL: SELECT * FROM `qfant_village` WHERE `townid` = 13  [ RunTime:0.0000s ]
SQL: SELECT * FROM `qfant_village` WHERE `townid` = 14  [ RunTime:0.0000s ]
SQL: SELECT * FROM `qfant_village` WHERE `townid` = 15  [ RunTime:0.0000s ]
SQL: SELECT * FROM `qfant_village` WHERE `townid` = 16  [ RunTime:0.0000s ]
SQL: SELECT * FROM `qfant_village` WHERE `townid` = 17  [ RunTime:0.0000s ]
SQL: SELECT * FROM `qfant_village` WHERE `townid` = 18  [ RunTime:0.0000s ]
SQL: SELECT * FROM `qfant_village` WHERE `townid` = 19  [ RunTime:0.0000s ]
NOTIC: [2] Missing argument 3 for Caesar::clientEncode(), called in E:\www\dangjian\Application\App\Controller\IndexController.class.php on line 36 and defined E:\www\dangjian\ThinkPHP\Library\Vendor\Caesar\Caesar.php 第 61 行.
NOTIC: [8192] Non-static method Bytes::bytesToHex() should not be called statically, assuming $this from incompatible context E:\www\dangjian\ThinkPHP\Library\Vendor\Caesar\Caesar.php 第 43 行.
INFO: [ app_end ] --START--
INFO: Run Behavior\ShowPageTraceBehavior [ RunTime:0.000000s ]
INFO: [ app_end ] --END-- [ RunTime:0.000000s ]

[ 2017-10-02T02:49:11+08:00 ] 111.199.189.128 /index.php/App/Index/towns
INFO: [ app_init ] --START--
INFO: Run Behavior\BuildLiteBehavior [ RunTime:0.000000s ]
INFO: [ app_init ] --END-- [ RunTime:0.000000s ]
INFO: [ app_begin ] --START--
INFO: Run Behavior\ReadHtmlCacheBehavior [ RunTime:0.000000s ]
INFO: [ app_begin ] --END-- [ RunTime:0.000000s ]
SQL: SHOW COLUMNS FROM `qfant_town` [ RunTime:0.0000s ]
SQL: SELECT * FROM `qfant_town`  [ RunTime:0.0000s ]
SQL: SHOW COLUMNS FROM `qfant_village` [ RunTime:0.0000s ]
SQL: SELECT * FROM `qfant_village` WHERE `townid` = 9  [ RunTime:0.0000s ]
SQL: SELECT * FROM `qfant_village` WHERE `townid` = 11  [ RunTime:0.0000s ]
SQL: SELECT * FROM `qfant_village` WHERE `townid` = 12  [ RunTime:0.0000s ]
SQL: SELECT * FROM `qfant_village` WHERE `townid` = 13  [ RunTime:0.0000s ]
SQL: SELECT * FROM `qfant_village` WHERE `townid` = 14  [ RunTime:0.0000s ]
SQL: SELECT * FROM `qfant_village` WHERE `townid` = 15  [ RunTime:0.0000s ]
SQL: SELECT * FROM `qfant_village` WHERE `townid` = 16  [ RunTime:0.0000s ]
SQL: SELECT * FROM `qfant_village` WHERE `townid` = 17  [ RunTime:0.0000s ]
SQL: SELECT * FROM `qfant_village` WHERE `townid` = 18  [ RunTime:0.0000s ]
SQL: SELECT * FROM `qfant_village` WHERE `townid` = 19  [ RunTime:0.0000s ]
NOTIC: [2] Missing argument 3 for Caesar::clientEncode(), called in E:\www\dangjian\Application\App\Controller\IndexController.class.php on line 36 and defined E:\www\dangjian\ThinkPHP\Library\Vendor\Caesar\Caesar.php 第 61 行.
NOTIC: [8192] Non-static method Bytes::bytesToHex() should not be called statically, assuming $this from incompatible context E:\www\dangjian\ThinkPHP\Library\Vendor\Caesar\Caesar.php 第 43 行.
INFO: [ app_end ] --START--
INFO: Run Behavior\ShowPageTraceBehavior [ RunTime:0.000000s ]
INFO: [ app_end ] --END-- [ RunTime:0.000000s ]

[ 2017-10-02T02:52:55+08:00 ] 111.199.189.128 /index.php/App/Index/towns
INFO: [ app_init ] --START--
INFO: Run Behavior\BuildLiteBehavior [ RunTime:0.000000s ]
INFO: [ app_init ] --END-- [ RunTime:0.000000s ]
INFO: [ app_begin ] --START--
INFO: Run Behavior\ReadHtmlCacheBehavior [ RunTime:0.000000s ]
INFO: [ app_begin ] --END-- [ RunTime:0.000000s ]
SQL: SHOW COLUMNS FROM `qfant_town` [ RunTime:0.0156s ]
SQL: SELECT * FROM `qfant_town`  [ RunTime:0.0000s ]
SQL: SHOW COLUMNS FROM `qfant_village` [ RunTime:0.0000s ]
SQL: SELECT * FROM `qfant_village` WHERE `townid` = 9  [ RunTime:0.0000s ]
SQL: SELECT * FROM `qfant_village` WHERE `townid` = 11  [ RunTime:0.0000s ]
SQL: SELECT * FROM `qfant_village` WHERE `townid` = 12  [ RunTime:0.0000s ]
SQL: SELECT * FROM `qfant_village` WHERE `townid` = 13  [ RunTime:0.0000s ]
SQL: SELECT * FROM `qfant_village` WHERE `townid` = 14  [ RunTime:0.0000s ]
SQL: SELECT * FROM `qfant_village` WHERE `townid` = 15  [ RunTime:0.0000s ]
SQL: SELECT * FROM `qfant_village` WHERE `townid` = 16  [ RunTime:0.0000s ]
SQL: SELECT * FROM `qfant_village` WHERE `townid` = 17  [ RunTime:0.0000s ]
SQL: SELECT * FROM `qfant_village` WHERE `townid` = 18  [ RunTime:0.0000s ]
SQL: SELECT * FROM `qfant_village` WHERE `townid` = 19  [ RunTime:0.0000s ]
NOTIC: [2] Missing argument 3 for Caesar::clientEncode(), called in E:\www\dangjian\Application\App\Controller\IndexController.class.php on line 36 and defined E:\www\dangjian\ThinkPHP\Library\Vendor\Caesar\Caesar.php 第 61 行.
NOTIC: [8192] Non-static method Bytes::bytesToHex() should not be called statically, assuming $this from incompatible context E:\www\dangjian\ThinkPHP\Library\Vendor\Caesar\Caesar.php 第 43 行.
INFO: [ app_end ] --START--
INFO: Run Behavior\ShowPageTraceBehavior [ RunTime:0.000000s ]
INFO: [ app_end ] --END-- [ RunTime:0.000000s ]

[ 2017-10-02T02:55:26+08:00 ] 111.199.189.128 /index.php/App/Index/towns
INFO: [ app_init ] --START--
INFO: Run Behavior\BuildLiteBehavior [ RunTime:0.000000s ]
INFO: [ app_init ] --END-- [ RunTime:0.000000s ]
INFO: [ app_begin ] --START--
INFO: Run Behavior\ReadHtmlCacheBehavior [ RunTime:0.000000s ]
INFO: [ app_begin ] --END-- [ RunTime:0.000000s ]
SQL: SHOW COLUMNS FROM `qfant_town` [ RunTime:0.0000s ]
SQL: SELECT * FROM `qfant_town`  [ RunTime:0.0000s ]
SQL: SHOW COLUMNS FROM `qfant_village` [ RunTime:0.0000s ]
SQL: SELECT * FROM `qfant_village` WHERE `townid` = 9  [ RunTime:0.0000s ]
SQL: SELECT * FROM `qfant_village` WHERE `townid` = 11  [ RunTime:0.0000s ]
SQL: SELECT * FROM `qfant_village` WHERE `townid` = 12  [ RunTime:0.0000s ]
SQL: SELECT * FROM `qfant_village` WHERE `townid` = 13  [ RunTime:0.0000s ]
SQL: SELECT * FROM `qfant_village` WHERE `townid` = 14  [ RunTime:0.0000s ]
SQL: SELECT * FROM `qfant_village` WHERE `townid` = 15  [ RunTime:0.0000s ]
SQL: SELECT * FROM `qfant_village` WHERE `townid` = 16  [ RunTime:0.0000s ]
SQL: SELECT * FROM `qfant_village` WHERE `townid` = 17  [ RunTime:0.0000s ]
SQL: SELECT * FROM `qfant_village` WHERE `townid` = 18  [ RunTime:0.0000s ]
SQL: SELECT * FROM `qfant_village` WHERE `townid` = 19  [ RunTime:0.0000s ]
NOTIC: [2] Missing argument 3 for Caesar::clientEncode(), called in E:\www\dangjian\Application\App\Controller\IndexController.class.php on line 36 and defined E:\www\dangjian\ThinkPHP\Library\Vendor\Caesar\Caesar.php 第 61 行.
NOTIC: [8192] Non-static method Bytes::bytesToHex() should not be called statically, assuming $this from incompatible context E:\www\dangjian\ThinkPHP\Library\Vendor\Caesar\Caesar.php 第 43 行.
INFO: [ app_end ] --START--
INFO: Run Behavior\ShowPageTraceBehavior [ RunTime:0.000000s ]
INFO: [ app_end ] --END-- [ RunTime:0.000000s ]

[ 2017-10-02T02:55:30+08:00 ] 111.199.189.128 /index.php/App/Index/towns
INFO: [ app_init ] --START--
INFO: Run Behavior\BuildLiteBehavior [ RunTime:0.000000s ]
INFO: [ app_init ] --END-- [ RunTime:0.000000s ]
INFO: [ app_begin ] --START--
INFO: Run Behavior\ReadHtmlCacheBehavior [ RunTime:0.000000s ]
INFO: [ app_begin ] --END-- [ RunTime:0.000000s ]
SQL: SHOW COLUMNS FROM `qfant_town` [ RunTime:0.0000s ]
SQL: SELECT * FROM `qfant_town`  [ RunTime:0.0000s ]
SQL: SHOW COLUMNS FROM `qfant_village` [ RunTime:0.0000s ]
SQL: SELECT * FROM `qfant_village` WHERE `townid` = 9  [ RunTime:0.0000s ]
SQL: SELECT * FROM `qfant_village` WHERE `townid` = 11  [ RunTime:0.0000s ]
SQL: SELECT * FROM `qfant_village` WHERE `townid` = 12  [ RunTime:0.0000s ]
SQL: SELECT * FROM `qfant_village` WHERE `townid` = 13  [ RunTime:0.0000s ]
SQL: SELECT * FROM `qfant_village` WHERE `townid` = 14  [ RunTime:0.0000s ]
SQL: SELECT * FROM `qfant_village` WHERE `townid` = 15  [ RunTime:0.0000s ]
SQL: SELECT * FROM `qfant_village` WHERE `townid` = 16  [ RunTime:0.0000s ]
SQL: SELECT * FROM `qfant_village` WHERE `townid` = 17  [ RunTime:0.0000s ]
SQL: SELECT * FROM `qfant_village` WHERE `townid` = 18  [ RunTime:0.0000s ]
SQL: SELECT * FROM `qfant_village` WHERE `townid` = 19  [ RunTime:0.0000s ]
NOTIC: [2] Missing argument 3 for Caesar::clientEncode(), called in E:\www\dangjian\Application\App\Controller\IndexController.class.php on line 36 and defined E:\www\dangjian\ThinkPHP\Library\Vendor\Caesar\Caesar.php 第 61 行.
NOTIC: [8192] Non-static method Bytes::bytesToHex() should not be called statically, assuming $this from incompatible context E:\www\dangjian\ThinkPHP\Library\Vendor\Caesar\Caesar.php 第 43 行.
INFO: [ app_end ] --START--
INFO: Run Behavior\ShowPageTraceBehavior [ RunTime:0.000000s ]
INFO: [ app_end ] --END-- [ RunTime:0.000000s ]

[ 2017-10-02T03:08:39+08:00 ] 111.199.189.128 /index.php/App/Index/info/id/
INFO: [ app_init ] --START--
INFO: Run Behavior\BuildLiteBehavior [ RunTime:0.000000s ]
INFO: [ app_init ] --END-- [ RunTime:0.000000s ]
INFO: [ app_begin ] --START--
INFO: Run Behavior\ReadHtmlCacheBehavior [ RunTime:0.000000s ]
INFO: [ app_begin ] --END-- [ RunTime:0.000000s ]
ERR: 非法操作:info

[ 2017-10-02T03:09:22+08:00 ] 111.199.189.128 /index.php/App/Index/towns
INFO: [ app_init ] --START--
INFO: Run Behavior\BuildLiteBehavior [ RunTime:0.000000s ]
INFO: [ app_init ] --END-- [ RunTime:0.000000s ]
INFO: [ app_begin ] --START--
INFO: Run Behavior\ReadHtmlCacheBehavior [ RunTime:0.000000s ]
INFO: [ app_begin ] --END-- [ RunTime:0.000000s ]
SQL: SHOW COLUMNS FROM `qfant_town` [ RunTime:0.0000s ]
SQL: SELECT * FROM `qfant_town`  [ RunTime:0.0000s ]
SQL: SHOW COLUMNS FROM `qfant_village` [ RunTime:0.0000s ]
SQL: SELECT * FROM `qfant_village` WHERE `townid` = 9  [ RunTime:0.0000s ]
SQL: SELECT * FROM `qfant_village` WHERE `townid` = 11  [ RunTime:0.0000s ]
SQL: SELECT * FROM `qfant_village` WHERE `townid` = 12  [ RunTime:0.0000s ]
SQL: SELECT * FROM `qfant_village` WHERE `townid` = 13  [ RunTime:0.0000s ]
SQL: SELECT * FROM `qfant_village` WHERE `townid` = 14  [ RunTime:0.0000s ]
SQL: SELECT * FROM `qfant_village` WHERE `townid` = 15  [ RunTime:0.0000s ]
SQL: SELECT * FROM `qfant_village` WHERE `townid` = 16  [ RunTime:0.0000s ]
SQL: SELECT * FROM `qfant_village` WHERE `townid` = 17  [ RunTime:0.0000s ]
SQL: SELECT * FROM `qfant_village` WHERE `townid` = 18  [ RunTime:0.0000s ]
SQL: SELECT * FROM `qfant_village` WHERE `townid` = 19  [ RunTime:0.0000s ]
NOTIC: [2] Missing argument 3 for Caesar::clientEncode(), called in E:\www\dangjian\Application\App\Controller\IndexController.class.php on line 36 and defined E:\www\dangjian\ThinkPHP\Library\Vendor\Caesar\Caesar.php 第 61 行.
NOTIC: [8192] Non-static method Bytes::bytesToHex() should not be called statically, assuming $this from incompatible context E:\www\dangjian\ThinkPHP\Library\Vendor\Caesar\Caesar.php 第 43 行.
INFO: [ app_end ] --START--
INFO: Run Behavior\ShowPageTraceBehavior [ RunTime:0.000000s ]
INFO: [ app_end ] --END-- [ RunTime:0.000000s ]

[ 2017-10-02T03:14:35+08:00 ] 111.199.189.128 /index.php/App/Index/zuzhi
INFO: [ app_init ] --START--
INFO: Run Behavior\BuildLiteBehavior [ RunTime:0.000000s ]
INFO: [ app_init ] --END-- [ RunTime:0.000000s ]
INFO: [ app_begin ] --START--
INFO: Run Behavior\ReadHtmlCacheBehavior [ RunTime:0.000000s ]
INFO: [ app_begin ] --END-- [ RunTime:0.000000s ]
ERR: 非法操作:zuzhi

[ 2017-10-02T03:14:35+08:00 ] 111.199.189.128 /index.php/App/Index/zuzhi
INFO: [ app_init ] --START--
INFO: Run Behavior\BuildLiteBehavior [ RunTime:0.000000s ]
INFO: [ app_init ] --END-- [ RunTime:0.000000s ]
INFO: [ app_begin ] --START--
INFO: Run Behavior\ReadHtmlCacheBehavior [ RunTime:0.000000s ]
INFO: [ app_begin ] --END-- [ RunTime:0.000000s ]
ERR: 非法操作:zuzhi

[ 2017-10-02T03:14:39+08:00 ] 111.199.189.128 /index.php/App/Index/zuzhi
INFO: [ app_init ] --START--
INFO: Run Behavior\BuildLiteBehavior [ RunTime:0.000000s ]
INFO: [ app_init ] --END-- [ RunTime:0.000000s ]
INFO: [ app_begin ] --START--
INFO: Run Behavior\ReadHtmlCacheBehavior [ RunTime:0.000000s ]
INFO: [ app_begin ] --END-- [ RunTime:0.000000s ]
ERR: 非法操作:zuzhi

[ 2017-10-02T03:14:46+08:00 ] 111.199.189.128 /index.php/App/Index/zuzhi
INFO: [ app_init ] --START--
INFO: Run Behavior\BuildLiteBehavior [ RunTime:0.000000s ]
INFO: [ app_init ] --END-- [ RunTime:0.000000s ]
INFO: [ app_begin ] --START--
INFO: Run Behavior\ReadHtmlCacheBehavior [ RunTime:0.000000s ]
INFO: [ app_begin ] --END-- [ RunTime:0.000000s ]
ERR: 非法操作:zuzhi

[ 2017-10-02T03:15:17+08:00 ] 111.199.189.128 /index.php/App/Index/towns
INFO: [ app_init ] --START--
INFO: Run Behavior\BuildLiteBehavior [ RunTime:0.000000s ]
INFO: [ app_init ] --END-- [ RunTime:0.000000s ]
INFO: [ app_begin ] --START--
INFO: Run Behavior\ReadHtmlCacheBehavior [ RunTime:0.000000s ]
INFO: [ app_begin ] --END-- [ RunTime:0.000000s ]
SQL: SHOW COLUMNS FROM `qfant_town` [ RunTime:0.0000s ]
SQL: SELECT * FROM `qfant_town`  [ RunTime:0.0000s ]
SQL: SHOW COLUMNS FROM `qfant_village` [ RunTime:0.0000s ]
SQL: SELECT * FROM `qfant_village` WHERE `townid` = 9  [ RunTime:0.0000s ]
SQL: SELECT * FROM `qfant_village` WHERE `townid` = 11  [ RunTime:0.0000s ]
SQL: SELECT * FROM `qfant_village` WHERE `townid` = 12  [ RunTime:0.0000s ]
SQL: SELECT * FROM `qfant_village` WHERE `townid` = 13  [ RunTime:0.0000s ]
SQL: SELECT * FROM `qfant_village` WHERE `townid` = 14  [ RunTime:0.0000s ]
SQL: SELECT * FROM `qfant_village` WHERE `townid` = 15  [ RunTime:0.0000s ]
SQL: SELECT * FROM `qfant_village` WHERE `townid` = 16  [ RunTime:0.0000s ]
SQL: SELECT * FROM `qfant_village` WHERE `townid` = 17  [ RunTime:0.0000s ]
SQL: SELECT * FROM `qfant_village` WHERE `townid` = 18  [ RunTime:0.0000s ]
SQL: SELECT * FROM `qfant_village` WHERE `townid` = 19  [ RunTime:0.0000s ]
NOTIC: [2] Missing argument 3 for Caesar::clientEncode(), called in E:\www\dangjian\Application\App\Controller\IndexController.class.php on line 36 and defined E:\www\dangjian\ThinkPHP\Library\Vendor\Caesar\Caesar.php 第 61 行.
NOTIC: [8192] Non-static method Bytes::bytesToHex() should not be called statically, assuming $this from incompatible context E:\www\dangjian\ThinkPHP\Library\Vendor\Caesar\Caesar.php 第 43 行.
INFO: [ app_end ] --START--
INFO: Run Behavior\ShowPageTraceBehavior [ RunTime:0.000000s ]
INFO: [ app_end ] --END-- [ RunTime:0.000000s ]

[ 2017-10-02T03:15:35+08:00 ] 111.199.189.128 /index.php/App/Index/zuzhi
INFO: [ app_init ] --START--
INFO: Run Behavior\BuildLiteBehavior [ RunTime:0.000000s ]
INFO: [ app_init ] --END-- [ RunTime:0.000000s ]
INFO: [ app_begin ] --START--
INFO: Run Behavior\ReadHtmlCacheBehavior [ RunTime:0.000000s ]
INFO: [ app_begin ] --END-- [ RunTime:0.000000s ]
ERR: 非法操作:zuzhi

[ 2017-10-02T03:15:36+08:00 ] 111.199.189.128 /index.php/App/Index/zuzhi
INFO: [ app_init ] --START--
INFO: Run Behavior\BuildLiteBehavior [ RunTime:0.000000s ]
INFO: [ app_init ] --END-- [ RunTime:0.000000s ]
INFO: [ app_begin ] --START--
INFO: Run Behavior\ReadHtmlCacheBehavior [ RunTime:0.000000s ]
INFO: [ app_begin ] --END-- [ RunTime:0.000000s ]
ERR: 非法操作:zuzhi

[ 2017-10-02T03:15:51+08:00 ] 111.199.189.128 /index.php/App/Index/towns
INFO: [ app_init ] --START--
INFO: Run Behavior\BuildLiteBehavior [ RunTime:0.000000s ]
INFO: [ app_init ] --END-- [ RunTime:0.000000s ]
INFO: [ app_begin ] --START--
INFO: Run Behavior\ReadHtmlCacheBehavior [ RunTime:0.000000s ]
INFO: [ app_begin ] --END-- [ RunTime:0.000000s ]
SQL: SHOW COLUMNS FROM `qfant_town` [ RunTime:0.0000s ]
SQL: SELECT * FROM `qfant_town`  [ RunTime:0.0000s ]
SQL: SHOW COLUMNS FROM `qfant_village` [ RunTime:0.0000s ]
SQL: SELECT * FROM `qfant_village` WHERE `townid` = 9  [ RunTime:0.0000s ]
SQL: SELECT * FROM `qfant_village` WHERE `townid` = 11  [ RunTime:0.0000s ]
SQL: SELECT * FROM `qfant_village` WHERE `townid` = 12  [ RunTime:0.0000s ]
SQL: SELECT * FROM `qfant_village` WHERE `townid` = 13  [ RunTime:0.0000s ]
SQL: SELECT * FROM `qfant_village` WHERE `townid` = 14  [ RunTime:0.0000s ]
SQL: SELECT * FROM `qfant_village` WHERE `townid` = 15  [ RunTime:0.0000s ]
SQL: SELECT * FROM `qfant_village` WHERE `townid` = 16  [ RunTime:0.0000s ]
SQL: SELECT * FROM `qfant_village` WHERE `townid` = 17  [ RunTime:0.0000s ]
SQL: SELECT * FROM `qfant_village` WHERE `townid` = 18  [ RunTime:0.0000s ]
SQL: SELECT * FROM `qfant_village` WHERE `townid` = 19  [ RunTime:0.0000s ]
NOTIC: [2] Missing argument 3 for Caesar::clientEncode(), called in E:\www\dangjian\Application\App\Controller\IndexController.class.php on line 36 and defined E:\www\dangjian\ThinkPHP\Library\Vendor\Caesar\Caesar.php 第 61 行.
NOTIC: [8192] Non-static method Bytes::bytesToHex() should not be called statically, assuming $this from incompatible context E:\www\dangjian\ThinkPHP\Library\Vendor\Caesar\Caesar.php 第 43 行.
INFO: [ app_end ] --START--
INFO: Run Behavior\ShowPageTraceBehavior [ RunTime:0.000000s ]
INFO: [ app_end ] --END-- [ RunTime:0.000000s ]

[ 2017-10-02T03:40:20+08:00 ] 111.199.189.128 /index.php/App/Index/towns
INFO: [ app_init ] --START--
INFO: Run Behavior\BuildLiteBehavior [ RunTime:0.000000s ]
INFO: [ app_init ] --END-- [ RunTime:0.000000s ]
INFO: [ app_begin ] --START--
INFO: Run Behavior\ReadHtmlCacheBehavior [ RunTime:0.000000s ]
INFO: [ app_begin ] --END-- [ RunTime:0.000000s ]
SQL: SHOW COLUMNS FROM `qfant_town` [ RunTime:0.0000s ]
SQL: SELECT * FROM `qfant_town`  [ RunTime:0.0000s ]
SQL: SHOW COLUMNS FROM `qfant_village` [ RunTime:0.0000s ]
SQL: SELECT * FROM `qfant_village` WHERE `townid` = 9  [ RunTime:0.0000s ]
SQL: SELECT * FROM `qfant_village` WHERE `townid` = 11  [ RunTime:0.0000s ]
SQL: SELECT * FROM `qfant_village` WHERE `townid` = 12  [ RunTime:0.0000s ]
SQL: SELECT * FROM `qfant_village` WHERE `townid` = 13  [ RunTime:0.0000s ]
SQL: SELECT * FROM `qfant_village` WHERE `townid` = 14  [ RunTime:0.0000s ]
SQL: SELECT * FROM `qfant_village` WHERE `townid` = 15  [ RunTime:0.0000s ]
SQL: SELECT * FROM `qfant_village` WHERE `townid` = 16  [ RunTime:0.0000s ]
SQL: SELECT * FROM `qfant_village` WHERE `townid` = 17  [ RunTime:0.0000s ]
SQL: SELECT * FROM `qfant_village` WHERE `townid` = 18  [ RunTime:0.0000s ]
SQL: SELECT * FROM `qfant_village` WHERE `townid` = 19  [ RunTime:0.0000s ]
NOTIC: [2] Missing argument 3 for Caesar::clientEncode(), called in E:\www\dangjian\Application\App\Controller\IndexController.class.php on line 36 and defined E:\www\dangjian\ThinkPHP\Library\Vendor\Caesar\Caesar.php 第 61 行.
NOTIC: [8192] Non-static method Bytes::bytesToHex() should not be called statically, assuming $this from incompatible context E:\www\dangjian\ThinkPHP\Library\Vendor\Caesar\Caesar.php 第 43 行.
INFO: [ app_end ] --START--
INFO: Run Behavior\ShowPageTraceBehavior [ RunTime:0.000000s ]
INFO: [ app_end ] --END-- [ RunTime:0.000000s ]

[ 2017-10-02T06:26:35+08:00 ] 123.149.76.236 /index.php/App/Index/towns
INFO: [ app_init ] --START--
INFO: Run Behavior\BuildLiteBehavior [ RunTime:0.000000s ]
INFO: [ app_init ] --END-- [ RunTime:0.000000s ]
INFO: [ app_begin ] --START--
INFO: Run Behavior\ReadHtmlCacheBehavior [ RunTime:0.000000s ]
INFO: [ app_begin ] --END-- [ RunTime:0.000000s ]
SQL: SHOW COLUMNS FROM `qfant_town` [ RunTime:0.0000s ]
SQL: SELECT * FROM `qfant_town`  [ RunTime:0.0000s ]
SQL: SHOW COLUMNS FROM `qfant_village` [ RunTime:0.0000s ]
SQL: SELECT * FROM `qfant_village` WHERE `townid` = 9  [ RunTime:0.0000s ]
SQL: SELECT * FROM `qfant_village` WHERE `townid` = 11  [ RunTime:0.0000s ]
SQL: SELECT * FROM `qfant_village` WHERE `townid` = 12  [ RunTime:0.0000s ]
SQL: SELECT * FROM `qfant_village` WHERE `townid` = 13  [ RunTime:0.0000s ]
SQL: SELECT * FROM `qfant_village` WHERE `townid` = 14  [ RunTime:0.0000s ]
SQL: SELECT * FROM `qfant_village` WHERE `townid` = 15  [ RunTime:0.0000s ]
SQL: SELECT * FROM `qfant_village` WHERE `townid` = 16  [ RunTime:0.0000s ]
SQL: SELECT * FROM `qfant_village` WHERE `townid` = 17  [ RunTime:0.0000s ]
SQL: SELECT * FROM `qfant_village` WHERE `townid` = 18  [ RunTime:0.0000s ]
SQL: SELECT * FROM `qfant_village` WHERE `townid` = 19  [ RunTime:0.0000s ]
NOTIC: [2] Missing argument 3 for Caesar::clientEncode(), called in E:\www\dangjian\Application\App\Controller\IndexController.class.php on line 36 and defined E:\www\dangjian\ThinkPHP\Library\Vendor\Caesar\Caesar.php 第 61 行.
NOTIC: [8192] Non-static method Bytes::bytesToHex() should not be called statically, assuming $this from incompatible context E:\www\dangjian\ThinkPHP\Library\Vendor\Caesar\Caesar.php 第 43 行.
INFO: [ app_end ] --START--
INFO: Run Behavior\ShowPageTraceBehavior [ RunTime:0.000000s ]
INFO: [ app_end ] --END-- [ RunTime:0.000000s ]

[ 2017-10-02T06:26:58+08:00 ] 123.149.76.236 /index.php/App/Index/zuzhi
INFO: [ app_init ] --START--
INFO: Run Behavior\BuildLiteBehavior [ RunTime:0.000000s ]
INFO: [ app_init ] --END-- [ RunTime:0.000000s ]
INFO: [ app_begin ] --START--
INFO: Run Behavior\ReadHtmlCacheBehavior [ RunTime:0.000000s ]
INFO: [ app_begin ] --END-- [ RunTime:0.000000s ]
ERR: 非法操作:zuzhi

[ 2017-10-02T06:26:59+08:00 ] 123.149.76.236 /index.php/App/Index/towns
INFO: [ app_init ] --START--
INFO: Run Behavior\BuildLiteBehavior [ RunTime:0.000000s ]
INFO: [ app_init ] --END-- [ RunTime:0.000000s ]
INFO: [ app_begin ] --START--
INFO: Run Behavior\ReadHtmlCacheBehavior [ RunTime:0.000000s ]
INFO: [ app_begin ] --END-- [ RunTime:0.000000s ]
SQL: SHOW COLUMNS FROM `qfant_town` [ RunTime:0.0000s ]
SQL: SELECT * FROM `qfant_town`  [ RunTime:0.0000s ]
SQL: SHOW COLUMNS FROM `qfant_village` [ RunTime:0.0000s ]
SQL: SELECT * FROM `qfant_village` WHERE `townid` = 9  [ RunTime:0.0000s ]
SQL: SELECT * FROM `qfant_village` WHERE `townid` = 11  [ RunTime:0.0000s ]
SQL: SELECT * FROM `qfant_village` WHERE `townid` = 12  [ RunTime:0.0000s ]
SQL: SELECT * FROM `qfant_village` WHERE `townid` = 13  [ RunTime:0.0000s ]
SQL: SELECT * FROM `qfant_village` WHERE `townid` = 14  [ RunTime:0.0000s ]
SQL: SELECT * FROM `qfant_village` WHERE `townid` = 15  [ RunTime:0.0000s ]
SQL: SELECT * FROM `qfant_village` WHERE `townid` = 16  [ RunTime:0.0000s ]
SQL: SELECT * FROM `qfant_village` WHERE `townid` = 17  [ RunTime:0.0000s ]
SQL: SELECT * FROM `qfant_village` WHERE `townid` = 18  [ RunTime:0.0000s ]
SQL: SELECT * FROM `qfant_village` WHERE `townid` = 19  [ RunTime:0.0000s ]
NOTIC: [2] Missing argument 3 for Caesar::clientEncode(), called in E:\www\dangjian\Application\App\Controller\IndexController.class.php on line 36 and defined E:\www\dangjian\ThinkPHP\Library\Vendor\Caesar\Caesar.php 第 61 行.
NOTIC: [8192] Non-static method Bytes::bytesToHex() should not be called statically, assuming $this from incompatible context E:\www\dangjian\ThinkPHP\Library\Vendor\Caesar\Caesar.php 第 43 行.
INFO: [ app_end ] --START--
INFO: Run Behavior\ShowPageTraceBehavior [ RunTime:0.000000s ]
INFO: [ app_end ] --END-- [ RunTime:0.000000s ]

[ 2017-10-02T06:27:03+08:00 ] 123.149.76.236 /index.php/App/Index/towns
INFO: [ app_init ] --START--
INFO: Run Behavior\BuildLiteBehavior [ RunTime:0.000000s ]
INFO: [ app_init ] --END-- [ RunTime:0.000000s ]
INFO: [ app_begin ] --START--
INFO: Run Behavior\ReadHtmlCacheBehavior [ RunTime:0.000000s ]
INFO: [ app_begin ] --END-- [ RunTime:0.000000s ]
SQL: SHOW COLUMNS FROM `qfant_town` [ RunTime:0.0000s ]
SQL: SELECT * FROM `qfant_town`  [ RunTime:0.0000s ]
SQL: SHOW COLUMNS FROM `qfant_village` [ RunTime:0.0000s ]
SQL: SELECT * FROM `qfant_village` WHERE `townid` = 9  [ RunTime:0.0000s ]
SQL: SELECT * FROM `qfant_village` WHERE `townid` = 11  [ RunTime:0.0000s ]
SQL: SELECT * FROM `qfant_village` WHERE `townid` = 12  [ RunTime:0.0000s ]
SQL: SELECT * FROM `qfant_village` WHERE `townid` = 13  [ RunTime:0.0000s ]
SQL: SELECT * FROM `qfant_village` WHERE `townid` = 14  [ RunTime:0.0000s ]
SQL: SELECT * FROM `qfant_village` WHERE `townid` = 15  [ RunTime:0.0000s ]
SQL: SELECT * FROM `qfant_village` WHERE `townid` = 16  [ RunTime:0.0000s ]
SQL: SELECT * FROM `qfant_village` WHERE `townid` = 17  [ RunTime:0.0000s ]
SQL: SELECT * FROM `qfant_village` WHERE `townid` = 18  [ RunTime:0.0000s ]
SQL: SELECT * FROM `qfant_village` WHERE `townid` = 19  [ RunTime:0.0000s ]
NOTIC: [2] Missing argument 3 for Caesar::clientEncode(), called in E:\www\dangjian\Application\App\Controller\IndexController.class.php on line 36 and defined E:\www\dangjian\ThinkPHP\Library\Vendor\Caesar\Caesar.php 第 61 行.
NOTIC: [8192] Non-static method Bytes::bytesToHex() should not be called statically, assuming $this from incompatible context E:\www\dangjian\ThinkPHP\Library\Vendor\Caesar\Caesar.php 第 43 行.
INFO: [ app_end ] --START--
INFO: Run Behavior\ShowPageTraceBehavior [ RunTime:0.000000s ]
INFO: [ app_end ] --END-- [ RunTime:0.000000s ]

[ 2017-10-02T06:32:42+08:00 ] 123.149.76.236 /index.php/App/Index/zuzhi
INFO: [ app_init ] --START--
INFO: Run Behavior\BuildLiteBehavior [ RunTime:0.000000s ]
INFO: [ app_init ] --END-- [ RunTime:0.000000s ]
INFO: [ app_begin ] --START--
INFO: Run Behavior\ReadHtmlCacheBehavior [ RunTime:0.000000s ]
INFO: [ app_begin ] --END-- [ RunTime:0.000000s ]
ERR: 非法操作:zuzhi

[ 2017-10-02T06:32:43+08:00 ] 123.149.76.236 /index.php/App/Index/zuzhi
INFO: [ app_init ] --START--
INFO: Run Behavior\BuildLiteBehavior [ RunTime:0.000000s ]
INFO: [ app_init ] --END-- [ RunTime:0.000000s ]
INFO: [ app_begin ] --START--
INFO: Run Behavior\ReadHtmlCacheBehavior [ RunTime:0.000000s ]
INFO: [ app_begin ] --END-- [ RunTime:0.000000s ]
ERR: 非法操作:zuzhi

[ 2017-10-02T06:32:43+08:00 ] 123.149.76.236 /index.php/App/Index/zuzhi
INFO: [ app_init ] --START--
INFO: Run Behavior\BuildLiteBehavior [ RunTime:0.000000s ]
INFO: [ app_init ] --END-- [ RunTime:0.000000s ]
INFO: [ app_begin ] --START--
INFO: Run Behavior\ReadHtmlCacheBehavior [ RunTime:0.000000s ]
INFO: [ app_begin ] --END-- [ RunTime:0.000000s ]
ERR: 非法操作:zuzhi

[ 2017-10-02T07:28:55+08:00 ] 183.232.175.4 /index.php/App/Index/zuzhi
INFO: [ app_init ] --START--
INFO: Run Behavior\BuildLiteBehavior [ RunTime:0.000000s ]
INFO: [ app_init ] --END-- [ RunTime:0.000000s ]
INFO: [ app_begin ] --START--
INFO: Run Behavior\ReadHtmlCacheBehavior [ RunTime:0.000000s ]
INFO: [ app_begin ] --END-- [ RunTime:0.000000s ]
ERR: 非法操作:zuzhi

[ 2017-10-02T07:28:55+08:00 ] 183.232.175.4 /index.php/App/Index/zuzhi
INFO: [ app_init ] --START--
INFO: Run Behavior\BuildLiteBehavior [ RunTime:0.000000s ]
INFO: [ app_init ] --END-- [ RunTime:0.000000s ]
INFO: [ app_begin ] --START--
INFO: Run Behavior\ReadHtmlCacheBehavior [ RunTime:0.000000s ]
INFO: [ app_begin ] --END-- [ RunTime:0.000000s ]
ERR: 非法操作:zuzhi

[ 2017-10-02T07:29:01+08:00 ] 183.232.175.4 /index.php/App/Index/zuzhi
INFO: [ app_init ] --START--
INFO: Run Behavior\BuildLiteBehavior [ RunTime:0.000000s ]
INFO: [ app_init ] --END-- [ RunTime:0.000000s ]
INFO: [ app_begin ] --START--
INFO: Run Behavior\ReadHtmlCacheBehavior [ RunTime:0.000000s ]
INFO: [ app_begin ] --END-- [ RunTime:0.000000s ]
ERR: 非法操作:zuzhi

[ 2017-10-02T07:29:01+08:00 ] 183.232.175.4 /index.php/App/Index/zuzhi
INFO: [ app_init ] --START--
INFO: Run Behavior\BuildLiteBehavior [ RunTime:0.000000s ]
INFO: [ app_init ] --END-- [ RunTime:0.000000s ]
INFO: [ app_begin ] --START--
INFO: Run Behavior\ReadHtmlCacheBehavior [ RunTime:0.015625s ]
INFO: [ app_begin ] --END-- [ RunTime:0.015625s ]
ERR: 非法操作:zuzhi

[ 2017-10-02T07:29:03+08:00 ] 183.232.175.4 /index.php/App/Index/zuzhi
INFO: [ app_init ] --START--
INFO: Run Behavior\BuildLiteBehavior [ RunTime:0.000000s ]
INFO: [ app_init ] --END-- [ RunTime:0.000000s ]
INFO: [ app_begin ] --START--
INFO: Run Behavior\ReadHtmlCacheBehavior [ RunTime:0.000000s ]
INFO: [ app_begin ] --END-- [ RunTime:0.000000s ]
ERR: 非法操作:zuzhi

